2025-03-30 19:59:02.736 [info] Reading sessions from keychain...
2025-03-30 19:59:02.736 [info] Getting sessions for all scopes...
2025-03-30 19:59:02.736 [info] Getting sessions for all scopes...
2025-03-30 19:59:02.862 [info] Getting sessions for all scopes...
2025-03-30 19:59:02.863 [info] Getting sessions for all scopes...
2025-03-30 19:59:02.863 [info] Getting sessions for all scopes...
2025-03-30 19:59:02.863 [info] Getting sessions for all scopes...
2025-03-30 19:59:02.863 [info] Getting sessions for all scopes...
2025-03-30 19:59:03.038 [info] Got stored sessions!
2025-03-30 19:59:03.038 [info] Got 1 verified sessions.
2025-03-30 19:59:03.039 [info] Got 1 sessions for ...
2025-03-30 19:59:03.039 [info] Got 1 sessions for ...
2025-03-30 19:59:03.039 [info] Got 1 sessions for ...
2025-03-30 19:59:03.039 [info] Got 1 sessions for ...
2025-03-30 19:59:03.039 [info] Got 1 sessions for ...
2025-03-30 19:59:03.039 [info] Got 1 sessions for ...
2025-03-30 19:59:03.039 [info] Got 1 sessions for ...
2025-03-30 19:59:03.243 [info] Getting sessions for all scopes...
2025-03-30 19:59:03.243 [info] Got 1 sessions for ...
2025-03-30 19:59:05.655 [info] Getting sessions for user:email...
2025-03-30 19:59:05.655 [info] Got 1 sessions for user:email...
2025-03-30 19:59:05.909 [info] Getting sessions for all scopes...
2025-03-30 19:59:05.909 [info] Got 1 sessions for ...
2025-03-30 19:59:07.023 [info] Getting sessions for read:user,repo,user:email...
2025-03-30 19:59:07.023 [info] Got 0 sessions for read:user,repo,user:email...
2025-03-30 19:59:07.028 [info] Getting sessions for read:user,repo,user:email,workflow...
2025-03-30 19:59:07.028 [info] Got 0 sessions for read:user,repo,user:email,workflow...
2025-03-30 19:59:07.070 [info] Getting sessions for all scopes...
2025-03-30 19:59:07.070 [info] Got 1 sessions for ...
2025-03-30 19:59:07.071 [info] Getting sessions for all scopes...
2025-03-30 19:59:07.071 [info] Got 1 sessions for ...
2025-03-30 19:59:07.341 [info] Getting sessions for read:user...
2025-03-30 19:59:07.341 [info] Got 0 sessions for read:user...
2025-03-30 19:59:07.341 [info] Getting sessions for read:user,repo,user:email,workflow...
2025-03-30 19:59:07.341 [info] Got 0 sessions for read:user,repo,user:email,workflow...
2025-03-30 19:59:07.445 [info] Getting sessions for user:email...
2025-03-30 19:59:07.445 [info] Got 1 sessions for user:email...
2025-03-30 19:59:07.445 [info] Getting sessions for user:email...
2025-03-30 19:59:07.445 [info] Got 1 sessions for user:email...
2025-03-30 19:59:07.445 [info] Getting sessions for read:user,repo,user:email,workflow...
2025-03-30 19:59:07.445 [info] Got 0 sessions for read:user,repo,user:email,workflow...
2025-03-30 19:59:07.930 [info] Getting sessions for all scopes...
2025-03-30 19:59:07.931 [info] Got 1 sessions for ...
2025-03-30 19:59:09.193 [info] Getting sessions for read:user,repo,user:email,workflow...
2025-03-30 19:59:09.194 [info] Got 0 sessions for read:user,repo,user:email,workflow...
2025-03-30 19:59:09.242 [info] Getting sessions for user:email...
2025-03-30 19:59:09.242 [info] Got 1 sessions for user:email...
2025-03-30 19:59:09.300 [info] Getting sessions for read:user,repo,user:email,workflow...
2025-03-30 19:59:09.300 [info] Got 0 sessions for read:user,repo,user:email,workflow...
2025-03-30 19:59:09.317 [info] Getting sessions for all scopes...
2025-03-30 19:59:09.317 [info] Got 1 sessions for ...
2025-03-30 19:59:09.322 [info] Getting sessions for read:user,repo,user:email,workflow...
2025-03-30 19:59:09.322 [info] Got 0 sessions for read:user,repo,user:email,workflow...
2025-03-30 19:59:09.323 [info] Getting sessions for user:email...
2025-03-30 19:59:09.323 [info] Got 1 sessions for user:email...
2025-03-30 19:59:10.094 [info] Getting sessions for all scopes...
2025-03-30 19:59:10.094 [info] Got 1 sessions for ...
2025-03-30 19:59:10.094 [info] Getting sessions for all scopes...
2025-03-30 19:59:10.094 [info] Got 1 sessions for ...
2025-03-30 19:59:10.105 [info] Getting sessions for read:user,repo,user:email,workflow...
2025-03-30 19:59:10.105 [info] Got 0 sessions for read:user,repo,user:email,workflow...
2025-03-30 19:59:10.106 [info] Getting sessions for user:email...
2025-03-30 19:59:10.106 [info] Got 1 sessions for user:email...
2025-03-30 19:59:10.106 [info] Getting sessions for read:user,repo,user:email,workflow...
2025-03-30 19:59:10.106 [info] Got 0 sessions for read:user,repo,user:email,workflow...
2025-03-30 19:59:10.109 [info] Getting sessions for all scopes...
2025-03-30 19:59:10.109 [info] Got 1 sessions for ...
2025-03-30 19:59:10.110 [info] Getting sessions for read:user,repo,user:email,workflow...
2025-03-30 19:59:10.110 [info] Got 0 sessions for read:user,repo,user:email,workflow...
2025-03-30 19:59:10.111 [info] Getting sessions for user:email...
2025-03-30 19:59:10.111 [info] Got 1 sessions for user:email...
2025-03-30 19:59:10.179 [info] Getting sessions for all scopes...
2025-03-30 19:59:10.179 [info] Got 1 sessions for ...
2025-03-30 19:59:10.180 [info] Getting sessions for all scopes...
2025-03-30 19:59:10.180 [info] Got 1 sessions for ...
2025-03-30 19:59:10.181 [info] Getting sessions for read:user,repo,user:email,workflow...
2025-03-30 19:59:10.181 [info] Got 0 sessions for read:user,repo,user:email,workflow...
2025-03-30 19:59:10.183 [info] Getting sessions for user:email...
2025-03-30 19:59:10.183 [info] Got 1 sessions for user:email...
2025-03-30 19:59:10.183 [info] Getting sessions for read:user,repo,user:email,workflow...
2025-03-30 19:59:10.183 [info] Got 0 sessions for read:user,repo,user:email,workflow...
2025-03-30 19:59:10.214 [info] Getting sessions for all scopes...
2025-03-30 19:59:10.214 [info] Got 1 sessions for ...
2025-03-30 19:59:10.216 [info] Getting sessions for read:user,repo,user:email,workflow...
2025-03-30 19:59:10.216 [info] Got 0 sessions for read:user,repo,user:email,workflow...
2025-03-30 19:59:10.218 [info] Getting sessions for user:email...
2025-03-30 19:59:10.218 [info] Got 1 sessions for user:email...
2025-03-30 19:59:11.178 [info] Getting sessions for all scopes...
2025-03-30 19:59:11.178 [info] Got 1 sessions for ...
2025-03-30 19:59:11.180 [info] Getting sessions for read:user,repo,user:email,workflow...
2025-03-30 19:59:11.180 [info] Got 0 sessions for read:user,repo,user:email,workflow...
2025-03-30 19:59:11.181 [info] Getting sessions for user:email...
2025-03-30 19:59:11.181 [info] Got 1 sessions for user:email...
2025-03-30 20:01:33.910 [info] Getting sessions for all scopes...
2025-03-30 20:01:33.910 [info] Got 1 sessions for ...
2025-03-30 20:01:33.911 [info] Getting sessions for read:user,repo,user:email,workflow...
2025-03-30 20:01:33.911 [info] Got 0 sessions for read:user,repo,user:email,workflow...
2025-03-30 20:01:33.912 [info] Getting sessions for user:email...
2025-03-30 20:01:33.912 [info] Got 1 sessions for user:email...
2025-03-30 20:01:34.837 [info] Getting sessions for all scopes...
2025-03-30 20:01:34.837 [info] Got 1 sessions for ...
2025-03-30 20:01:34.876 [info] Getting sessions for read:user,repo,user:email,workflow...
2025-03-30 20:01:34.876 [info] Got 0 sessions for read:user,repo,user:email,workflow...
2025-03-30 20:01:34.877 [info] Getting sessions for user:email...
2025-03-30 20:01:34.877 [info] Got 1 sessions for user:email...
2025-03-30 20:01:35.770 [info] Getting sessions for all scopes...
2025-03-30 20:01:35.770 [info] Got 1 sessions for ...
2025-03-30 20:01:35.779 [info] Getting sessions for read:user,repo,user:email,workflow...
2025-03-30 20:01:35.780 [info] Got 0 sessions for read:user,repo,user:email,workflow...
2025-03-30 20:01:35.784 [info] Getting sessions for user:email...
2025-03-30 20:01:35.784 [info] Got 1 sessions for user:email...
2025-03-30 20:08:53.731 [info] Getting sessions for all scopes...
2025-03-30 20:08:53.731 [info] Got 1 sessions for ...
2025-03-30 20:08:53.741 [info] Getting sessions for read:user,repo,user:email,workflow...
2025-03-30 20:08:53.741 [info] Got 0 sessions for read:user,repo,user:email,workflow...
2025-03-30 20:08:53.742 [info] Getting sessions for user:email...
2025-03-30 20:08:53.742 [info] Got 1 sessions for user:email...
2025-03-30 20:08:54.634 [info] Getting sessions for all scopes...
2025-03-30 20:08:54.634 [info] Got 1 sessions for ...
2025-03-30 20:08:54.637 [info] Getting sessions for read:user,repo,user:email,workflow...
2025-03-30 20:08:54.637 [info] Got 0 sessions for read:user,repo,user:email,workflow...
2025-03-30 20:08:54.639 [info] Getting sessions for user:email...
2025-03-30 20:08:54.639 [info] Got 1 sessions for user:email...
2025-03-30 20:08:56.680 [info] Getting sessions for all scopes...
2025-03-30 20:08:56.680 [info] Got 1 sessions for ...
2025-03-30 20:08:56.694 [info] Getting sessions for read:user,repo,user:email,workflow...
2025-03-30 20:08:56.694 [info] Got 0 sessions for read:user,repo,user:email,workflow...
2025-03-30 20:08:56.697 [info] Getting sessions for user:email...
2025-03-30 20:08:56.697 [info] Got 1 sessions for user:email...
2025-03-30 20:09:10.660 [info] Getting sessions for all scopes...
2025-03-30 20:09:10.660 [info] Got 1 sessions for ...
2025-03-30 20:09:10.670 [info] Getting sessions for read:user,repo,user:email,workflow...
2025-03-30 20:09:10.670 [info] Got 0 sessions for read:user,repo,user:email,workflow...
2025-03-30 20:09:10.690 [info] Getting sessions for user:email...
2025-03-30 20:09:10.690 [info] Got 1 sessions for user:email...
2025-03-30 20:09:11.131 [info] Getting sessions for all scopes...
2025-03-30 20:09:11.132 [info] Got 1 sessions for ...
2025-03-30 20:09:11.133 [info] Getting sessions for read:user,repo,user:email,workflow...
2025-03-30 20:09:11.134 [info] Got 0 sessions for read:user,repo,user:email,workflow...
2025-03-30 20:09:11.137 [info] Getting sessions for user:email...
2025-03-30 20:09:11.137 [info] Got 1 sessions for user:email...
2025-03-30 20:09:11.344 [info] Getting sessions for all scopes...
2025-03-30 20:09:11.344 [info] Got 1 sessions for ...
2025-03-30 20:09:11.345 [info] Getting sessions for read:user,repo,user:email,workflow...
2025-03-30 20:09:11.345 [info] Got 0 sessions for read:user,repo,user:email,workflow...
2025-03-30 20:09:11.347 [info] Getting sessions for user:email...
2025-03-30 20:09:11.347 [info] Got 1 sessions for user:email...
2025-03-30 20:09:13.054 [info] Getting sessions for all scopes...
2025-03-30 20:09:13.054 [info] Got 1 sessions for ...
2025-03-30 20:09:13.064 [info] Getting sessions for read:user,repo,user:email,workflow...
2025-03-30 20:09:13.064 [info] Got 0 sessions for read:user,repo,user:email,workflow...
2025-03-30 20:09:13.065 [info] Getting sessions for user:email...
2025-03-30 20:09:13.065 [info] Got 1 sessions for user:email...
2025-03-30 20:11:45.325 [info] Getting sessions for all scopes...
2025-03-30 20:11:45.325 [info] Got 1 sessions for ...
2025-03-30 20:11:45.326 [info] Getting sessions for read:user,repo,user:email,workflow...
2025-03-30 20:11:45.326 [info] Got 0 sessions for read:user,repo,user:email,workflow...
2025-03-30 20:11:45.327 [info] Getting sessions for user:email...
2025-03-30 20:11:45.327 [info] Got 1 sessions for user:email...
2025-03-30 20:11:46.387 [info] Getting sessions for all scopes...
2025-03-30 20:11:46.387 [info] Got 1 sessions for ...
2025-03-30 20:11:46.388 [info] Getting sessions for read:user,repo,user:email,workflow...
2025-03-30 20:11:46.388 [info] Got 0 sessions for read:user,repo,user:email,workflow...
2025-03-30 20:11:46.390 [info] Getting sessions for user:email...
2025-03-30 20:11:46.390 [info] Got 1 sessions for user:email...
2025-03-30 20:11:47.276 [info] Getting sessions for all scopes...
2025-03-30 20:11:47.276 [info] Got 1 sessions for ...
2025-03-30 20:11:47.301 [info] Getting sessions for read:user,repo,user:email,workflow...
2025-03-30 20:11:47.301 [info] Got 0 sessions for read:user,repo,user:email,workflow...
2025-03-30 20:11:47.301 [info] Getting sessions for user:email...
2025-03-30 20:11:47.302 [info] Got 1 sessions for user:email...
2025-03-30 20:12:09.094 [info] Getting sessions for all scopes...
2025-03-30 20:12:09.094 [info] Got 1 sessions for ...
2025-03-30 20:12:09.098 [info] Getting sessions for read:user,repo,user:email,workflow...
2025-03-30 20:12:09.098 [info] Got 0 sessions for read:user,repo,user:email,workflow...
2025-03-30 20:12:09.099 [info] Getting sessions for user:email...
2025-03-30 20:12:09.099 [info] Got 1 sessions for user:email...
2025-03-30 20:12:09.632 [info] Getting sessions for all scopes...
2025-03-30 20:12:09.632 [info] Got 1 sessions for ...
2025-03-30 20:12:09.634 [info] Getting sessions for read:user,repo,user:email,workflow...
2025-03-30 20:12:09.634 [info] Got 0 sessions for read:user,repo,user:email,workflow...
2025-03-30 20:12:09.634 [info] Getting sessions for user:email...
2025-03-30 20:12:09.635 [info] Got 1 sessions for user:email...
2025-03-30 20:12:10.224 [info] Getting sessions for all scopes...
2025-03-30 20:12:10.224 [info] Got 1 sessions for ...
2025-03-30 20:12:10.237 [info] Getting sessions for read:user,repo,user:email,workflow...
2025-03-30 20:12:10.237 [info] Got 0 sessions for read:user,repo,user:email,workflow...
2025-03-30 20:12:10.258 [info] Getting sessions for user:email...
2025-03-30 20:12:10.258 [info] Got 1 sessions for user:email...
2025-03-30 20:12:49.681 [info] Getting sessions for all scopes...
2025-03-30 20:12:49.681 [info] Got 1 sessions for ...
2025-03-30 20:12:49.683 [info] Getting sessions for read:user,repo,user:email,workflow...
2025-03-30 20:12:49.683 [info] Got 0 sessions for read:user,repo,user:email,workflow...
2025-03-30 20:12:49.684 [info] Getting sessions for user:email...
2025-03-30 20:12:49.684 [info] Got 1 sessions for user:email...
2025-03-30 20:12:50.142 [info] Getting sessions for all scopes...
2025-03-30 20:12:50.142 [info] Got 1 sessions for ...
2025-03-30 20:12:50.148 [info] Getting sessions for read:user,repo,user:email,workflow...
2025-03-30 20:12:50.148 [info] Got 0 sessions for read:user,repo,user:email,workflow...
2025-03-30 20:12:50.149 [info] Getting sessions for user:email...
2025-03-30 20:12:50.149 [info] Got 1 sessions for user:email...
2025-03-30 20:12:51.218 [info] Getting sessions for all scopes...
2025-03-30 20:12:51.218 [info] Got 1 sessions for ...
2025-03-30 20:12:51.223 [info] Getting sessions for read:user,repo,user:email,workflow...
2025-03-30 20:12:51.223 [info] Got 0 sessions for read:user,repo,user:email,workflow...
2025-03-30 20:12:51.224 [info] Getting sessions for user:email...
2025-03-30 20:12:51.224 [info] Got 1 sessions for user:email...
2025-03-30 20:14:11.185 [info] Getting sessions for all scopes...
2025-03-30 20:14:11.185 [info] Got 1 sessions for ...
2025-03-30 20:14:11.188 [info] Getting sessions for read:user,repo,user:email,workflow...
2025-03-30 20:14:11.188 [info] Got 0 sessions for read:user,repo,user:email,workflow...
2025-03-30 20:14:11.189 [info] Getting sessions for user:email...
2025-03-30 20:14:11.189 [info] Got 1 sessions for user:email...
2025-03-30 20:16:58.957 [info] Getting sessions for all scopes...
2025-03-30 20:16:58.957 [info] Got 1 sessions for ...
2025-03-30 20:16:58.961 [info] Getting sessions for read:user,repo,user:email,workflow...
2025-03-30 20:16:58.961 [info] Got 0 sessions for read:user,repo,user:email,workflow...
2025-03-30 20:16:58.962 [info] Getting sessions for user:email...
2025-03-30 20:16:58.962 [info] Got 1 sessions for user:email...
2025-03-30 20:17:00.023 [info] Getting sessions for all scopes...
2025-03-30 20:17:00.023 [info] Got 1 sessions for ...
2025-03-30 20:17:00.026 [info] Getting sessions for read:user,repo,user:email,workflow...
2025-03-30 20:17:00.026 [info] Got 0 sessions for read:user,repo,user:email,workflow...
2025-03-30 20:17:00.028 [info] Getting sessions for user:email...
2025-03-30 20:17:00.028 [info] Got 1 sessions for user:email...
2025-03-30 20:17:00.999 [info] Getting sessions for all scopes...
2025-03-30 20:17:00.999 [info] Got 1 sessions for ...
2025-03-30 20:17:01.012 [info] Getting sessions for read:user,repo,user:email,workflow...
2025-03-30 20:17:01.012 [info] Got 0 sessions for read:user,repo,user:email,workflow...
2025-03-30 20:17:01.013 [info] Getting sessions for user:email...
2025-03-30 20:17:01.013 [info] Got 1 sessions for user:email...
2025-03-30 20:18:30.414 [info] Getting sessions for all scopes...
2025-03-30 20:18:30.414 [info] Got 1 sessions for ...
2025-03-30 20:18:30.415 [info] Getting sessions for read:user,repo,user:email,workflow...
2025-03-30 20:18:30.415 [info] Got 0 sessions for read:user,repo,user:email,workflow...
2025-03-30 20:18:30.420 [info] Getting sessions for user:email...
2025-03-30 20:18:30.420 [info] Got 1 sessions for user:email...
2025-03-30 20:18:30.869 [info] Getting sessions for all scopes...
2025-03-30 20:18:30.869 [info] Got 1 sessions for ...
2025-03-30 20:18:30.870 [info] Getting sessions for read:user,repo,user:email,workflow...
2025-03-30 20:18:30.870 [info] Got 0 sessions for read:user,repo,user:email,workflow...
2025-03-30 20:18:30.871 [info] Getting sessions for user:email...
2025-03-30 20:18:30.871 [info] Got 1 sessions for user:email...
2025-03-30 20:18:33.459 [info] Getting sessions for all scopes...
2025-03-30 20:18:33.459 [info] Got 1 sessions for ...
2025-03-30 20:18:33.483 [info] Getting sessions for read:user,repo,user:email,workflow...
2025-03-30 20:18:33.483 [info] Got 0 sessions for read:user,repo,user:email,workflow...
2025-03-30 20:18:33.497 [info] Getting sessions for user:email...
2025-03-30 20:18:33.497 [info] Got 1 sessions for user:email...
