2025-03-31 19:32:55.329 [info] Reading sessions from keychain...
2025-03-31 19:32:55.329 [info] Getting sessions for all scopes...
2025-03-31 19:32:55.329 [info] Getting sessions for all scopes...
2025-03-31 19:32:55.329 [info] Getting sessions for all scopes...
2025-03-31 19:32:55.329 [info] Getting sessions for all scopes...
2025-03-31 19:32:55.329 [info] Getting sessions for all scopes...
2025-03-31 19:32:55.329 [info] Getting sessions for all scopes...
2025-03-31 19:32:55.329 [info] Getting sessions for all scopes...
2025-03-31 19:32:55.329 [info] Got stored sessions!
2025-03-31 19:32:55.329 [info] Got 2 verified sessions.
2025-03-31 19:32:55.329 [info] Got 2 sessions for ...
2025-03-31 19:32:55.329 [info] Got 2 sessions for ...
2025-03-31 19:32:55.329 [info] Got 2 sessions for ...
2025-03-31 19:32:55.329 [info] Got 2 sessions for ...
2025-03-31 19:32:55.329 [info] Got 2 sessions for ...
2025-03-31 19:32:55.329 [info] Got 2 sessions for ...
2025-03-31 19:32:55.329 [info] Got 2 sessions for ...
2025-03-31 19:32:55.434 [info] Getting sessions for all scopes...
2025-03-31 19:32:55.434 [info] Got 2 sessions for ...
2025-03-31 19:32:55.488 [info] Getting sessions for user:email...
2025-03-31 19:32:55.488 [info] Got 1 sessions for user:email...
2025-03-31 19:32:57.047 [info] Getting sessions for read:user,repo,user:email...
2025-03-31 19:32:57.047 [info] Got 0 sessions for read:user,repo,user:email...
2025-03-31 19:32:57.047 [info] Getting sessions for read:user,repo,user:email,workflow...
2025-03-31 19:32:57.047 [info] Got 1 sessions for read:user,repo,user:email,workflow...
2025-03-31 19:32:57.056 [info] Getting sessions for all scopes...
2025-03-31 19:32:57.056 [info] Got 2 sessions for ...
2025-03-31 19:32:57.056 [info] Getting sessions for all scopes...
2025-03-31 19:32:57.056 [info] Got 2 sessions for ...
2025-03-31 19:32:58.114 [info] Getting sessions for all scopes...
2025-03-31 19:32:58.114 [info] Got 2 sessions for ...
2025-03-31 19:32:58.132 [info] Getting sessions for read:user,repo,user:email,workflow...
2025-03-31 19:32:58.132 [info] Got 1 sessions for read:user,repo,user:email,workflow...
2025-03-31 19:32:58.285 [info] Getting sessions for all scopes...
2025-03-31 19:32:58.285 [info] Got 2 sessions for ...
2025-03-31 19:32:58.313 [info] Getting sessions for read:user,repo,user:email,workflow...
2025-03-31 19:32:58.313 [info] Got 1 sessions for read:user,repo,user:email,workflow...
2025-03-31 19:32:58.315 [info] Getting sessions for all scopes...
2025-03-31 19:32:58.315 [info] Got 2 sessions for ...
2025-03-31 19:32:58.315 [info] Getting sessions for read:user,repo,user:email,workflow...
2025-03-31 19:32:58.315 [info] Got 1 sessions for read:user,repo,user:email,workflow...
2025-03-31 19:32:58.851 [info] Getting sessions for all scopes...
2025-03-31 19:32:58.851 [info] Got 2 sessions for ...
2025-03-31 19:32:58.853 [info] Getting sessions for read:user,repo,user:email,workflow...
2025-03-31 19:32:58.853 [info] Got 1 sessions for read:user,repo,user:email,workflow...
2025-03-31 19:32:59.490 [info] Getting sessions for all scopes...
2025-03-31 19:32:59.490 [info] Got 2 sessions for ...
2025-03-31 19:32:59.490 [info] Getting sessions for all scopes...
2025-03-31 19:32:59.490 [info] Got 2 sessions for ...
2025-03-31 19:32:59.491 [info] Getting sessions for read:user,repo,user:email,workflow...
2025-03-31 19:32:59.491 [info] Got 1 sessions for read:user,repo,user:email,workflow...
2025-03-31 19:32:59.492 [info] Getting sessions for all scopes...
2025-03-31 19:32:59.492 [info] Got 2 sessions for ...
2025-03-31 19:32:59.492 [info] Getting sessions for read:user,repo,user:email,workflow...
2025-03-31 19:32:59.492 [info] Got 1 sessions for read:user,repo,user:email,workflow...
2025-03-31 19:32:59.541 [info] Getting sessions for all scopes...
2025-03-31 19:32:59.541 [info] Got 2 sessions for ...
2025-03-31 19:32:59.547 [info] Getting sessions for read:user,repo,user:email,workflow...
2025-03-31 19:32:59.547 [info] Got 1 sessions for read:user,repo,user:email,workflow...
2025-03-31 19:33:00.763 [info] Getting sessions for all scopes...
2025-03-31 19:33:00.763 [info] Got 2 sessions for ...
2025-03-31 19:33:00.764 [info] Getting sessions for read:user,repo,user:email,workflow...
2025-03-31 19:33:00.764 [info] Got 1 sessions for read:user,repo,user:email,workflow...
2025-03-31 19:34:26.670 [info] Getting sessions for all scopes...
2025-03-31 19:34:26.670 [info] Got 2 sessions for ...
2025-03-31 19:34:26.670 [info] Getting sessions for read:user,repo,user:email,workflow...
2025-03-31 19:34:26.670 [info] Got 1 sessions for read:user,repo,user:email,workflow...
2025-03-31 19:34:27.133 [info] Getting sessions for all scopes...
2025-03-31 19:34:27.133 [info] Got 2 sessions for ...
2025-03-31 19:34:27.157 [info] Getting sessions for read:user,repo,user:email,workflow...
2025-03-31 19:34:27.157 [info] Got 1 sessions for read:user,repo,user:email,workflow...
2025-03-31 19:34:28.611 [info] Getting sessions for all scopes...
2025-03-31 19:34:28.611 [info] Got 2 sessions for ...
2025-03-31 19:34:28.629 [info] Getting sessions for read:user,repo,user:email,workflow...
2025-03-31 19:34:28.629 [info] Got 1 sessions for read:user,repo,user:email,workflow...
2025-03-31 19:34:50.633 [info] Getting sessions for all scopes...
2025-03-31 19:34:50.633 [info] Got 2 sessions for ...
2025-03-31 19:34:50.634 [info] Getting sessions for read:user,repo,user:email,workflow...
2025-03-31 19:34:50.634 [info] Got 1 sessions for read:user,repo,user:email,workflow...
2025-03-31 19:34:51.355 [info] Getting sessions for all scopes...
2025-03-31 19:34:51.355 [info] Got 2 sessions for ...
2025-03-31 19:34:51.355 [info] Getting sessions for read:user,repo,user:email,workflow...
2025-03-31 19:34:51.355 [info] Got 1 sessions for read:user,repo,user:email,workflow...
2025-03-31 19:34:52.616 [info] Getting sessions for all scopes...
2025-03-31 19:34:52.616 [info] Got 2 sessions for ...
2025-03-31 19:34:52.627 [info] Getting sessions for read:user,repo,user:email,workflow...
2025-03-31 19:34:52.627 [info] Got 1 sessions for read:user,repo,user:email,workflow...
2025-03-31 19:36:21.389 [info] Getting sessions for all scopes...
2025-03-31 19:36:21.390 [info] Got 2 sessions for ...
2025-03-31 19:36:21.390 [info] Getting sessions for read:user,repo,user:email,workflow...
2025-03-31 19:36:21.390 [info] Got 1 sessions for read:user,repo,user:email,workflow...
2025-03-31 19:36:23.500 [info] Getting sessions for all scopes...
2025-03-31 19:36:23.500 [info] Got 2 sessions for ...
2025-03-31 19:36:23.501 [info] Getting sessions for read:user,repo,user:email,workflow...
2025-03-31 19:36:23.501 [info] Got 1 sessions for read:user,repo,user:email,workflow...
2025-03-31 19:36:24.429 [info] Getting sessions for all scopes...
2025-03-31 19:36:24.429 [info] Got 2 sessions for ...
2025-03-31 19:36:24.433 [info] Getting sessions for read:user,repo,user:email,workflow...
2025-03-31 19:36:24.433 [info] Got 1 sessions for read:user,repo,user:email,workflow...
2025-03-31 19:36:27.303 [info] Getting sessions for all scopes...
2025-03-31 19:36:27.303 [info] Got 2 sessions for ...
2025-03-31 19:36:27.306 [info] Getting sessions for read:user,repo,user:email,workflow...
2025-03-31 19:36:27.306 [info] Got 1 sessions for read:user,repo,user:email,workflow...
2025-03-31 19:36:29.341 [info] Getting sessions for all scopes...
2025-03-31 19:36:29.341 [info] Got 2 sessions for ...
2025-03-31 19:36:29.342 [info] Getting sessions for read:user,repo,user:email,workflow...
2025-03-31 19:36:29.342 [info] Got 1 sessions for read:user,repo,user:email,workflow...
2025-03-31 19:36:32.532 [info] Getting sessions for all scopes...
2025-03-31 19:36:32.532 [info] Got 2 sessions for ...
2025-03-31 19:36:32.532 [info] Getting sessions for read:user,repo,user:email,workflow...
2025-03-31 19:36:32.532 [info] Got 1 sessions for read:user,repo,user:email,workflow...
2025-03-31 19:36:34.679 [info] Getting sessions for all scopes...
2025-03-31 19:36:34.679 [info] Got 2 sessions for ...
2025-03-31 19:36:34.679 [info] Getting sessions for read:user,repo,user:email,workflow...
2025-03-31 19:36:34.679 [info] Got 1 sessions for read:user,repo,user:email,workflow...
2025-03-31 19:36:35.261 [info] Getting sessions for all scopes...
2025-03-31 19:36:35.261 [info] Got 2 sessions for ...
2025-03-31 19:36:35.262 [info] Getting sessions for read:user,repo,user:email,workflow...
2025-03-31 19:36:35.262 [info] Got 1 sessions for read:user,repo,user:email,workflow...
2025-03-31 19:36:36.671 [info] Getting sessions for all scopes...
2025-03-31 19:36:36.671 [info] Got 2 sessions for ...
2025-03-31 19:36:36.681 [info] Getting sessions for read:user,repo,user:email,workflow...
2025-03-31 19:36:36.681 [info] Got 1 sessions for read:user,repo,user:email,workflow...
2025-03-31 19:37:50.850 [info] Getting sessions for all scopes...
2025-03-31 19:37:50.850 [info] Got 2 sessions for ...
2025-03-31 19:37:50.858 [info] Getting sessions for read:user,repo,user:email,workflow...
2025-03-31 19:37:50.858 [info] Got 1 sessions for read:user,repo,user:email,workflow...
2025-03-31 19:37:51.420 [info] Getting sessions for all scopes...
2025-03-31 19:37:51.420 [info] Got 2 sessions for ...
2025-03-31 19:37:51.422 [info] Getting sessions for read:user,repo,user:email,workflow...
2025-03-31 19:37:51.422 [info] Got 1 sessions for read:user,repo,user:email,workflow...
2025-03-31 19:37:53.629 [info] Getting sessions for all scopes...
2025-03-31 19:37:53.629 [info] Got 2 sessions for ...
2025-03-31 19:37:53.644 [info] Getting sessions for read:user,repo,user:email,workflow...
2025-03-31 19:37:53.644 [info] Got 1 sessions for read:user,repo,user:email,workflow...
2025-03-31 19:38:04.949 [info] Getting sessions for all scopes...
2025-03-31 19:38:04.949 [info] Got 2 sessions for ...
2025-03-31 19:38:04.949 [info] Getting sessions for read:user,repo,user:email,workflow...
2025-03-31 19:38:04.949 [info] Got 1 sessions for read:user,repo,user:email,workflow...
2025-03-31 19:38:06.164 [info] Getting sessions for all scopes...
2025-03-31 19:38:06.164 [info] Got 2 sessions for ...
2025-03-31 19:38:06.164 [info] Getting sessions for read:user,repo,user:email,workflow...
2025-03-31 19:38:06.165 [info] Got 1 sessions for read:user,repo,user:email,workflow...
2025-03-31 19:38:08.226 [info] Getting sessions for all scopes...
2025-03-31 19:38:08.226 [info] Got 2 sessions for ...
2025-03-31 19:38:08.238 [info] Getting sessions for read:user,repo,user:email,workflow...
2025-03-31 19:38:08.238 [info] Got 1 sessions for read:user,repo,user:email,workflow...
