2025-03-30 19:32:38.635 [info] [AutoSync] Using settings sync service https://vscode-sync.trafficmanager.net/
2025-03-30 19:32:38.635 [info] [AutoSync] Enabled.
2025-03-30 19:32:38.635 [info] [AutoSync] Suspended until auth token is available.
2025-03-30 19:32:41.834 [info] [AutoSync] Triggered by Interval
2025-03-30 19:32:41.834 [info] Sync started.
2025-03-30 19:32:42.842 [info] Settings: No changes found during synchronizing settings.
2025-03-30 19:32:42.852 [info] Keybindings: No changes found during synchronizing keybindings.
2025-03-30 19:32:42.861 [info] Snippets: No changes found during synchronizing snippets.
2025-03-30 19:32:42.864 [info] Tasks: No changes found during synchronizing tasks.
2025-03-30 19:32:42.872 [info] GlobalState: No changes found during synchronizing ui state.
2025-03-30 19:32:42.939 [info] Extensions: No changes found during synchronizing extensions.
2025-03-30 19:32:42.941 [info] Profiles: No changes found during synchronizing profiles.
2025-03-30 19:32:42.943 [info] Sync done. Took 1215ms
2025-03-30 19:32:56.838 [info] [AutoSync] Triggered by Activity
2025-03-30 19:32:56.838 [info] Sync started.
2025-03-30 19:32:57.134 [info] Settings: No changes found during synchronizing settings.
2025-03-30 19:32:57.137 [info] Keybindings: No changes found during synchronizing keybindings.
2025-03-30 19:32:57.144 [info] Snippets: No changes found during synchronizing snippets.
2025-03-30 19:32:57.146 [info] Tasks: No changes found during synchronizing tasks.
2025-03-30 19:32:57.889 [info] GlobalState: Updated remote ui state. Updated: extension.features.state.
2025-03-30 19:32:57.896 [info] GlobalState: Updated last synchronized ui state
2025-03-30 19:32:57.973 [info] Extensions: No changes found during synchronizing extensions.
2025-03-30 19:32:57.974 [info] Profiles: No changes found during synchronizing profiles.
2025-03-30 19:32:57.975 [info] Sync done. Took 1138ms
2025-03-30 19:33:00.390 [info] [AutoSync] Triggered by Activity
2025-03-30 19:33:00.390 [info] Sync started.
2025-03-30 19:33:00.572 [info] Settings: No changes found during synchronizing settings.
2025-03-30 19:33:00.577 [info] Keybindings: No changes found during synchronizing keybindings.
2025-03-30 19:33:00.583 [info] Snippets: No changes found during synchronizing snippets.
2025-03-30 19:33:00.585 [info] Tasks: No changes found during synchronizing tasks.
2025-03-30 19:33:01.708 [info] GlobalState: Updated remote ui state. Updated: extension.features.state.
2025-03-30 19:33:01.715 [info] GlobalState: Updated last synchronized ui state
2025-03-30 19:33:01.779 [info] Extensions: No changes found during synchronizing extensions.
2025-03-30 19:33:01.780 [info] Profiles: No changes found during synchronizing profiles.
2025-03-30 19:33:01.781 [info] Sync done. Took 1392ms
2025-03-30 19:33:12.860 [info] [AutoSync] Triggered by Activity
2025-03-30 19:33:12.860 [info] Sync started.
2025-03-30 19:33:13.112 [info] Settings: No changes found during synchronizing settings.
2025-03-30 19:33:13.115 [info] Keybindings: No changes found during synchronizing keybindings.
2025-03-30 19:33:13.122 [info] Snippets: No changes found during synchronizing snippets.
2025-03-30 19:33:13.124 [info] Tasks: No changes found during synchronizing tasks.
2025-03-30 19:33:13.128 [info] GlobalState: No changes found during synchronizing ui state.
2025-03-30 19:33:13.200 [info] Extensions: No changes found during synchronizing extensions.
2025-03-30 19:33:13.206 [info] Profiles: No changes found during synchronizing profiles.
2025-03-30 19:33:13.207 [info] Sync done. Took 348ms
2025-03-30 19:33:24.508 [info] [AutoSync] Triggered by Activity
2025-03-30 19:33:24.508 [info] Sync started.
2025-03-30 19:33:24.780 [info] Settings: No changes found during synchronizing settings.
2025-03-30 19:33:24.784 [info] Keybindings: No changes found during synchronizing keybindings.
2025-03-30 19:33:24.790 [info] Snippets: No changes found during synchronizing snippets.
2025-03-30 19:33:24.792 [info] Tasks: No changes found during synchronizing tasks.
2025-03-30 19:33:24.796 [info] GlobalState: No changes found during synchronizing ui state.
2025-03-30 19:33:24.839 [info] Extensions: No changes found during synchronizing extensions.
2025-03-30 19:33:24.840 [info] Profiles: No changes found during synchronizing profiles.
2025-03-30 19:33:24.841 [info] Sync done. Took 334ms
2025-03-30 19:33:38.500 [info] [AutoSync] Triggered by Activity
2025-03-30 19:33:38.500 [info] Sync started.
2025-03-30 19:33:38.708 [info] Settings: No changes found during synchronizing settings.
2025-03-30 19:33:38.711 [info] Keybindings: No changes found during synchronizing keybindings.
2025-03-30 19:33:38.717 [info] Snippets: No changes found during synchronizing snippets.
2025-03-30 19:33:38.719 [info] Tasks: No changes found during synchronizing tasks.
2025-03-30 19:33:38.724 [info] GlobalState: No changes found during synchronizing ui state.
2025-03-30 19:33:38.792 [info] Extensions: No changes found during synchronizing extensions.
2025-03-30 19:33:38.793 [info] Profiles: No changes found during synchronizing profiles.
2025-03-30 19:33:38.794 [info] Sync done. Took 295ms
2025-03-30 19:34:00.439 [info] [AutoSync] Triggered by Activity
2025-03-30 19:34:00.439 [info] Sync started.
2025-03-30 19:34:00.698 [info] Settings: No changes found during synchronizing settings.
2025-03-30 19:34:00.702 [info] Keybindings: No changes found during synchronizing keybindings.
2025-03-30 19:34:00.708 [info] Snippets: No changes found during synchronizing snippets.
2025-03-30 19:34:00.710 [info] Tasks: No changes found during synchronizing tasks.
2025-03-30 19:34:00.715 [info] GlobalState: No changes found during synchronizing ui state.
2025-03-30 19:34:00.776 [info] Extensions: No changes found during synchronizing extensions.
2025-03-30 19:34:00.777 [info] Profiles: No changes found during synchronizing profiles.
2025-03-30 19:34:00.778 [info] Sync done. Took 340ms
2025-03-30 19:34:12.542 [info] [AutoSync] Triggered by Activity
2025-03-30 19:34:12.543 [info] Sync started.
2025-03-30 19:34:12.925 [info] Settings: No changes found during synchronizing settings.
2025-03-30 19:34:12.928 [info] Keybindings: No changes found during synchronizing keybindings.
2025-03-30 19:34:12.934 [info] Snippets: No changes found during synchronizing snippets.
2025-03-30 19:34:12.937 [info] Tasks: No changes found during synchronizing tasks.
2025-03-30 19:34:12.942 [info] GlobalState: No changes found during synchronizing ui state.
2025-03-30 19:34:13.006 [info] Extensions: No changes found during synchronizing extensions.
2025-03-30 19:34:13.007 [info] Profiles: No changes found during synchronizing profiles.
2025-03-30 19:34:13.008 [info] Sync done. Took 467ms
2025-03-30 19:38:13.916 [info] [AutoSync] Triggered by Activity
2025-03-30 19:38:13.916 [info] Sync started.
2025-03-30 19:38:15.094 [info] Settings: No changes found during synchronizing settings.
2025-03-30 19:38:15.099 [info] Keybindings: No changes found during synchronizing keybindings.
2025-03-30 19:38:15.106 [info] Snippets: No changes found during synchronizing snippets.
2025-03-30 19:38:15.109 [info] Tasks: No changes found during synchronizing tasks.
2025-03-30 19:38:15.117 [info] GlobalState: No changes found during synchronizing ui state.
2025-03-30 19:38:15.191 [info] Extensions: No changes found during synchronizing extensions.
2025-03-30 19:38:15.193 [info] Profiles: No changes found during synchronizing profiles.
2025-03-30 19:38:15.195 [info] Sync done. Took 1285ms
2025-03-30 19:38:39.312 [info] [AutoSync] Triggered by Activity
2025-03-30 19:38:39.312 [info] Sync started.
2025-03-30 19:38:39.562 [info] Settings: No changes found during synchronizing settings.
2025-03-30 19:38:39.565 [info] Keybindings: No changes found during synchronizing keybindings.
2025-03-30 19:38:39.572 [info] Snippets: No changes found during synchronizing snippets.
2025-03-30 19:38:39.574 [info] Tasks: No changes found during synchronizing tasks.
2025-03-30 19:38:39.579 [info] GlobalState: No changes found during synchronizing ui state.
2025-03-30 19:38:39.651 [info] Extensions: No changes found during synchronizing extensions.
2025-03-30 19:38:39.652 [info] Profiles: No changes found during synchronizing profiles.
2025-03-30 19:38:39.653 [info] Sync done. Took 341ms
2025-03-30 19:38:51.302 [info] [AutoSync] Triggered by Activity
2025-03-30 19:38:51.302 [info] Sync started.
2025-03-30 19:38:51.536 [info] Settings: No changes found during synchronizing settings.
2025-03-30 19:38:51.539 [info] Keybindings: No changes found during synchronizing keybindings.
2025-03-30 19:38:51.545 [info] Snippets: No changes found during synchronizing snippets.
2025-03-30 19:38:51.548 [info] Tasks: No changes found during synchronizing tasks.
2025-03-30 19:38:51.552 [info] GlobalState: No changes found during synchronizing ui state.
2025-03-30 19:38:51.609 [info] Extensions: No changes found during synchronizing extensions.
2025-03-30 19:38:51.615 [info] Profiles: No changes found during synchronizing profiles.
2025-03-30 19:38:51.616 [info] Sync done. Took 316ms
2025-03-30 19:39:14.160 [info] [AutoSync] Triggered by Activity
2025-03-30 19:39:14.160 [info] Sync started.
2025-03-30 19:39:14.491 [info] Settings: No changes found during synchronizing settings.
2025-03-30 19:39:14.493 [info] Keybindings: No changes found during synchronizing keybindings.
2025-03-30 19:39:14.501 [info] Snippets: No changes found during synchronizing snippets.
2025-03-30 19:39:14.503 [info] Tasks: No changes found during synchronizing tasks.
2025-03-30 19:39:14.507 [info] GlobalState: No changes found during synchronizing ui state.
2025-03-30 19:39:14.549 [info] Extensions: No changes found during synchronizing extensions.
2025-03-30 19:39:14.550 [info] Profiles: No changes found during synchronizing profiles.
2025-03-30 19:39:14.551 [info] Sync done. Took 392ms
