2025-03-31 19:18:06.508 [info] Reading sessions from keychain...
2025-03-31 19:18:06.509 [info] Getting sessions for all scopes...
2025-03-31 19:18:06.509 [info] Getting sessions for all scopes...
2025-03-31 19:18:06.510 [info] Getting sessions for all scopes...
2025-03-31 19:18:06.510 [info] Getting sessions for all scopes...
2025-03-31 19:18:06.510 [info] Getting sessions for all scopes...
2025-03-31 19:18:06.511 [info] Getting sessions for all scopes...
2025-03-31 19:18:06.511 [info] Getting sessions for all scopes...
2025-03-31 19:18:06.590 [info] Got stored sessions!
2025-03-31 19:18:06.590 [info] Got 2 verified sessions.
2025-03-31 19:18:06.590 [info] Got 2 sessions for ...
2025-03-31 19:18:06.590 [info] Got 2 sessions for ...
2025-03-31 19:18:06.590 [info] Got 2 sessions for ...
2025-03-31 19:18:06.590 [info] Got 2 sessions for ...
2025-03-31 19:18:06.590 [info] Got 2 sessions for ...
2025-03-31 19:18:06.590 [info] Got 2 sessions for ...
2025-03-31 19:18:06.590 [info] Got 2 sessions for ...
2025-03-31 19:18:06.758 [info] Getting sessions for all scopes...
2025-03-31 19:18:06.758 [info] Got 2 sessions for ...
2025-03-31 19:18:06.785 [info] Getting sessions for user:email...
2025-03-31 19:18:06.785 [info] Got 1 sessions for user:email...
2025-03-31 19:18:09.209 [info] Getting sessions for all scopes...
2025-03-31 19:18:09.209 [info] Got 2 sessions for ...
2025-03-31 19:18:09.475 [info] Getting sessions for read:user,repo,user:email...
2025-03-31 19:18:09.475 [info] Got 0 sessions for read:user,repo,user:email...
2025-03-31 19:18:09.475 [info] Getting sessions for read:user,repo,user:email,workflow...
2025-03-31 19:18:09.475 [info] Got 1 sessions for read:user,repo,user:email,workflow...
2025-03-31 19:18:09.492 [info] Getting sessions for all scopes...
2025-03-31 19:18:09.492 [info] Got 2 sessions for ...
2025-03-31 19:18:09.492 [info] Getting sessions for all scopes...
2025-03-31 19:18:09.492 [info] Got 2 sessions for ...
2025-03-31 19:18:09.679 [info] Getting sessions for read:user,repo,user:email,workflow...
2025-03-31 19:18:09.679 [info] Got 1 sessions for read:user,repo,user:email,workflow...
2025-03-31 19:18:11.138 [info] Getting sessions for all scopes...
2025-03-31 19:18:11.138 [info] Got 2 sessions for ...
2025-03-31 19:18:11.140 [info] Getting sessions for read:user,repo,user:email,workflow...
2025-03-31 19:18:11.140 [info] Got 1 sessions for read:user,repo,user:email,workflow...
2025-03-31 19:18:11.142 [info] Getting sessions for all scopes...
2025-03-31 19:18:11.142 [info] Got 2 sessions for ...
2025-03-31 19:18:11.142 [info] Getting sessions for read:user,repo,user:email,workflow...
2025-03-31 19:18:11.142 [info] Got 1 sessions for read:user,repo,user:email,workflow...
2025-03-31 19:18:11.356 [info] Getting sessions for all scopes...
2025-03-31 19:18:11.356 [info] Got 2 sessions for ...
2025-03-31 19:18:11.357 [info] Getting sessions for read:user,repo,user:email,workflow...
2025-03-31 19:18:11.357 [info] Got 1 sessions for read:user,repo,user:email,workflow...
2025-03-31 19:18:11.921 [info] Getting sessions for all scopes...
2025-03-31 19:18:11.921 [info] Got 2 sessions for ...
2025-03-31 19:18:11.921 [info] Getting sessions for all scopes...
2025-03-31 19:18:11.921 [info] Got 2 sessions for ...
2025-03-31 19:18:11.933 [info] Getting sessions for read:user,repo,user:email,workflow...
2025-03-31 19:18:11.933 [info] Got 1 sessions for read:user,repo,user:email,workflow...
2025-03-31 19:18:11.935 [info] Getting sessions for all scopes...
2025-03-31 19:18:11.935 [info] Got 2 sessions for ...
2025-03-31 19:18:11.937 [info] Getting sessions for read:user,repo,user:email,workflow...
2025-03-31 19:18:11.937 [info] Got 1 sessions for read:user,repo,user:email,workflow...
2025-03-31 19:18:12.007 [info] Getting sessions for all scopes...
2025-03-31 19:18:12.007 [info] Got 2 sessions for ...
2025-03-31 19:18:12.011 [info] Getting sessions for read:user,repo,user:email,workflow...
2025-03-31 19:18:12.011 [info] Got 1 sessions for read:user,repo,user:email,workflow...
2025-03-31 19:18:12.969 [info] Getting sessions for all scopes...
2025-03-31 19:18:12.969 [info] Got 2 sessions for ...
2025-03-31 19:18:12.972 [info] Getting sessions for read:user,repo,user:email,workflow...
2025-03-31 19:18:12.972 [info] Got 1 sessions for read:user,repo,user:email,workflow...
