2025-03-30 21:06:45.773 [info] Reading sessions from keychain...
2025-03-30 21:06:45.773 [info] Getting sessions for all scopes...
2025-03-30 21:06:45.773 [info] Getting sessions for all scopes...
2025-03-30 21:06:45.773 [info] Getting sessions for all scopes...
2025-03-30 21:06:45.773 [info] Getting sessions for all scopes...
2025-03-30 21:06:45.773 [info] Getting sessions for all scopes...
2025-03-30 21:06:45.773 [info] Getting sessions for all scopes...
2025-03-30 21:06:45.773 [info] Getting sessions for all scopes...
2025-03-30 21:06:45.945 [info] Got stored sessions!
2025-03-30 21:06:45.945 [info] Got 1 verified sessions.
2025-03-30 21:06:45.945 [info] Got 1 sessions for ...
2025-03-30 21:06:45.945 [info] Got 1 sessions for ...
2025-03-30 21:06:45.945 [info] Got 1 sessions for ...
2025-03-30 21:06:45.945 [info] Got 1 sessions for ...
2025-03-30 21:06:45.945 [info] Got 1 sessions for ...
2025-03-30 21:06:45.945 [info] Got 1 sessions for ...
2025-03-30 21:06:45.945 [info] Got 1 sessions for ...
2025-03-30 21:06:45.946 [info] Getting sessions for all scopes...
2025-03-30 21:06:45.946 [info] Got 1 sessions for ...
2025-03-30 21:06:45.982 [info] Getting sessions for user:email...
2025-03-30 21:06:45.982 [info] Got 1 sessions for user:email...
2025-03-30 21:06:48.425 [info] Getting sessions for all scopes...
2025-03-30 21:06:48.425 [info] Got 1 sessions for ...
2025-03-30 21:06:49.647 [info] Getting sessions for read:user,repo,user:email...
2025-03-30 21:06:49.647 [info] Got 0 sessions for read:user,repo,user:email...
2025-03-30 21:06:49.694 [info] Getting sessions for read:user,repo,user:email,workflow...
2025-03-30 21:06:49.694 [info] Got 0 sessions for read:user,repo,user:email,workflow...
2025-03-30 21:06:49.752 [info] Getting sessions for all scopes...
2025-03-30 21:06:49.752 [info] Got 1 sessions for ...
2025-03-30 21:06:49.752 [info] Getting sessions for all scopes...
2025-03-30 21:06:49.752 [info] Got 1 sessions for ...
2025-03-30 21:06:49.889 [info] Getting sessions for read:user...
2025-03-30 21:06:49.889 [info] Got 0 sessions for read:user...
2025-03-30 21:06:49.890 [info] Getting sessions for read:user,repo,user:email,workflow...
2025-03-30 21:06:49.890 [info] Got 0 sessions for read:user,repo,user:email,workflow...
2025-03-30 21:06:49.890 [info] Getting sessions for read:user,repo,user:email,workflow...
2025-03-30 21:06:49.890 [info] Got 0 sessions for read:user,repo,user:email,workflow...
2025-03-30 21:06:50.129 [info] Getting sessions for user:email...
2025-03-30 21:06:50.129 [info] Got 1 sessions for user:email...
2025-03-30 21:06:50.129 [info] Getting sessions for user:email...
2025-03-30 21:06:50.129 [info] Got 1 sessions for user:email...
2025-03-30 21:06:50.130 [info] Getting sessions for read:user,repo,user:email,workflow...
2025-03-30 21:06:50.130 [info] Got 0 sessions for read:user,repo,user:email,workflow...
2025-03-30 21:06:50.417 [info] Getting sessions for read:user,repo,user:email...
2025-03-30 21:06:50.417 [info] Got 0 sessions for read:user,repo,user:email...
2025-03-30 21:06:50.602 [info] Getting sessions for all scopes...
2025-03-30 21:06:50.602 [info] Got 1 sessions for ...
2025-03-30 21:06:50.602 [info] Getting sessions for all scopes...
2025-03-30 21:06:50.602 [info] Got 1 sessions for ...
2025-03-30 21:06:50.648 [info] Getting sessions for user:email...
2025-03-30 21:06:50.648 [info] Got 1 sessions for user:email...
2025-03-30 21:06:50.653 [info] Getting sessions for read:user,repo,user:email,workflow...
2025-03-30 21:06:50.653 [info] Got 0 sessions for read:user,repo,user:email,workflow...
2025-03-30 21:06:52.002 [info] Getting sessions for user:email...
2025-03-30 21:06:52.002 [info] Got 1 sessions for user:email...
2025-03-30 21:06:52.002 [info] Getting sessions for read:user,repo,user:email,workflow...
2025-03-30 21:06:52.002 [info] Got 0 sessions for read:user,repo,user:email,workflow...
2025-03-30 21:06:52.002 [info] Getting sessions for user:email...
2025-03-30 21:06:52.002 [info] Got 1 sessions for user:email...
2025-03-30 21:06:52.700 [info] Getting sessions for all scopes...
2025-03-30 21:06:52.700 [info] Got 1 sessions for ...
2025-03-30 21:06:52.700 [info] Getting sessions for all scopes...
2025-03-30 21:06:52.700 [info] Got 1 sessions for ...
2025-03-30 21:06:52.712 [info] Getting sessions for read:user,repo,user:email,workflow...
2025-03-30 21:06:52.712 [info] Got 0 sessions for read:user,repo,user:email,workflow...
2025-03-30 21:06:52.713 [info] Getting sessions for user:email...
2025-03-30 21:06:52.713 [info] Got 1 sessions for user:email...
2025-03-30 21:06:52.713 [info] Getting sessions for read:user,repo,user:email,workflow...
2025-03-30 21:06:52.713 [info] Got 0 sessions for read:user,repo,user:email,workflow...
2025-03-30 21:06:52.716 [info] Getting sessions for all scopes...
2025-03-30 21:06:52.716 [info] Got 1 sessions for ...
2025-03-30 21:06:52.717 [info] Getting sessions for read:user,repo,user:email,workflow...
2025-03-30 21:06:52.717 [info] Got 0 sessions for read:user,repo,user:email,workflow...
2025-03-30 21:06:52.718 [info] Getting sessions for user:email...
2025-03-30 21:06:52.718 [info] Got 1 sessions for user:email...
2025-03-30 21:06:52.812 [info] Getting sessions for all scopes...
2025-03-30 21:06:52.812 [info] Got 1 sessions for ...
2025-03-30 21:06:52.822 [info] Getting sessions for all scopes...
2025-03-30 21:06:52.822 [info] Got 1 sessions for ...
2025-03-30 21:06:52.826 [info] Getting sessions for read:user,repo,user:email,workflow...
2025-03-30 21:06:52.826 [info] Got 0 sessions for read:user,repo,user:email,workflow...
2025-03-30 21:06:52.827 [info] Getting sessions for user:email...
2025-03-30 21:06:52.827 [info] Got 1 sessions for user:email...
2025-03-30 21:06:52.828 [info] Getting sessions for read:user,repo,user:email,workflow...
2025-03-30 21:06:52.828 [info] Got 0 sessions for read:user,repo,user:email,workflow...
2025-03-30 21:06:52.834 [info] Getting sessions for all scopes...
2025-03-30 21:06:52.834 [info] Got 1 sessions for ...
2025-03-30 21:06:52.836 [info] Getting sessions for read:user,repo,user:email,workflow...
2025-03-30 21:06:52.836 [info] Got 0 sessions for read:user,repo,user:email,workflow...
2025-03-30 21:06:52.837 [info] Getting sessions for user:email...
2025-03-30 21:06:52.837 [info] Got 1 sessions for user:email...
2025-03-30 21:06:53.753 [info] Getting sessions for all scopes...
2025-03-30 21:06:53.753 [info] Got 1 sessions for ...
2025-03-30 21:06:53.754 [info] Getting sessions for read:user,repo,user:email,workflow...
2025-03-30 21:06:53.754 [info] Got 0 sessions for read:user,repo,user:email,workflow...
2025-03-30 21:06:53.755 [info] Getting sessions for user:email...
2025-03-30 21:06:53.755 [info] Got 1 sessions for user:email...
