2025-03-31 18:43:59.112 [info] Reading sessions from keychain...
2025-03-31 18:43:59.112 [info] Getting sessions for all scopes...
2025-03-31 18:43:59.112 [info] Getting sessions for all scopes...
2025-03-31 18:43:59.112 [info] Getting sessions for all scopes...
2025-03-31 18:43:59.112 [info] Getting sessions for all scopes...
2025-03-31 18:43:59.112 [info] Getting sessions for all scopes...
2025-03-31 18:43:59.112 [info] Getting sessions for all scopes...
2025-03-31 18:43:59.112 [info] Getting sessions for all scopes...
2025-03-31 18:43:59.181 [info] Got stored sessions!
2025-03-31 18:43:59.181 [info] Got 2 verified sessions.
2025-03-31 18:43:59.181 [info] Got 2 sessions for ...
2025-03-31 18:43:59.181 [info] Got 2 sessions for ...
2025-03-31 18:43:59.182 [info] Got 2 sessions for ...
2025-03-31 18:43:59.182 [info] Got 2 sessions for ...
2025-03-31 18:43:59.182 [info] Got 2 sessions for ...
2025-03-31 18:43:59.182 [info] Got 2 sessions for ...
2025-03-31 18:43:59.182 [info] Got 2 sessions for ...
2025-03-31 18:43:59.352 [info] Getting sessions for all scopes...
2025-03-31 18:43:59.352 [info] Got 2 sessions for ...
2025-03-31 18:44:00.829 [info] Getting sessions for user:email...
2025-03-31 18:44:00.829 [info] Got 1 sessions for user:email...
2025-03-31 18:44:01.404 [info] Getting sessions for all scopes...
2025-03-31 18:44:01.404 [info] Got 2 sessions for ...
2025-03-31 18:44:01.484 [info] Getting sessions for read:user,repo,user:email...
2025-03-31 18:44:01.484 [info] Got 0 sessions for read:user,repo,user:email...
2025-03-31 18:44:01.484 [info] Getting sessions for read:user,repo,user:email,workflow...
2025-03-31 18:44:01.484 [info] Got 1 sessions for read:user,repo,user:email,workflow...
2025-03-31 18:44:01.499 [info] Getting sessions for all scopes...
2025-03-31 18:44:01.499 [info] Got 2 sessions for ...
2025-03-31 18:44:01.499 [info] Getting sessions for all scopes...
2025-03-31 18:44:01.499 [info] Got 2 sessions for ...
2025-03-31 18:44:01.511 [info] Getting sessions for read:user,repo,user:email,workflow...
2025-03-31 18:44:01.511 [info] Got 1 sessions for read:user,repo,user:email,workflow...
2025-03-31 18:44:03.109 [info] Getting sessions for all scopes...
2025-03-31 18:44:03.109 [info] Got 2 sessions for ...
2025-03-31 18:44:03.212 [info] Getting sessions for read:user,repo,user:email,workflow...
2025-03-31 18:44:03.212 [info] Got 1 sessions for read:user,repo,user:email,workflow...
2025-03-31 18:44:03.216 [info] Getting sessions for all scopes...
2025-03-31 18:44:03.216 [info] Got 2 sessions for ...
2025-03-31 18:44:03.217 [info] Getting sessions for read:user,repo,user:email,workflow...
2025-03-31 18:44:03.217 [info] Got 1 sessions for read:user,repo,user:email,workflow...
2025-03-31 18:44:03.344 [info] Getting sessions for all scopes...
2025-03-31 18:44:03.344 [info] Got 2 sessions for ...
2025-03-31 18:44:03.346 [info] Getting sessions for read:user,repo,user:email,workflow...
2025-03-31 18:44:03.346 [info] Got 1 sessions for read:user,repo,user:email,workflow...
2025-03-31 18:44:03.894 [info] Getting sessions for all scopes...
2025-03-31 18:44:03.894 [info] Got 2 sessions for ...
2025-03-31 18:44:03.894 [info] Getting sessions for all scopes...
2025-03-31 18:44:03.894 [info] Got 2 sessions for ...
2025-03-31 18:44:03.898 [info] Getting sessions for read:user,repo,user:email,workflow...
2025-03-31 18:44:03.898 [info] Got 1 sessions for read:user,repo,user:email,workflow...
2025-03-31 18:44:03.909 [info] Getting sessions for all scopes...
2025-03-31 18:44:03.909 [info] Got 2 sessions for ...
2025-03-31 18:44:03.910 [info] Getting sessions for read:user,repo,user:email,workflow...
2025-03-31 18:44:03.910 [info] Got 1 sessions for read:user,repo,user:email,workflow...
2025-03-31 18:44:03.976 [info] Getting sessions for all scopes...
2025-03-31 18:44:03.977 [info] Got 2 sessions for ...
2025-03-31 18:44:03.983 [info] Getting sessions for read:user,repo,user:email,workflow...
2025-03-31 18:44:03.983 [info] Got 1 sessions for read:user,repo,user:email,workflow...
2025-03-31 18:44:04.850 [info] Getting sessions for all scopes...
2025-03-31 18:44:04.850 [info] Got 2 sessions for ...
2025-03-31 18:44:04.851 [info] Getting sessions for read:user,repo,user:email,workflow...
2025-03-31 18:44:04.851 [info] Got 1 sessions for read:user,repo,user:email,workflow...
2025-03-31 18:59:04.854 [info] Getting sessions for all scopes...
2025-03-31 18:59:04.855 [info] Got 2 sessions for ...
2025-03-31 18:59:04.857 [info] Getting sessions for read:user,repo,user:email,workflow...
2025-03-31 18:59:04.857 [info] Got 1 sessions for read:user,repo,user:email,workflow...
