2025-03-30 19:58:55.660 [info] Reading sessions from keychain...
2025-03-30 19:58:55.660 [info] Getting sessions for all scopes...
2025-03-30 19:58:55.660 [info] Getting sessions for all scopes...
2025-03-30 19:58:55.660 [info] Getting sessions for all scopes...
2025-03-30 19:58:55.660 [info] Getting sessions for all scopes...
2025-03-30 19:58:55.660 [info] Getting sessions for all scopes...
2025-03-30 19:58:55.660 [info] Getting sessions for all scopes...
2025-03-30 19:58:55.660 [info] Getting sessions for all scopes...
2025-03-30 19:58:55.660 [info] Got stored sessions!
2025-03-30 19:58:55.660 [info] Got 1 verified sessions.
2025-03-30 19:58:55.660 [info] Got 1 sessions for ...
2025-03-30 19:58:55.660 [info] Got 1 sessions for ...
2025-03-30 19:58:55.660 [info] Got 1 sessions for ...
2025-03-30 19:58:55.660 [info] Got 1 sessions for ...
2025-03-30 19:58:55.660 [info] Got 1 sessions for ...
2025-03-30 19:58:55.660 [info] Got 1 sessions for ...
2025-03-30 19:58:55.660 [info] Got 1 sessions for ...
2025-03-30 19:58:55.660 [info] Getting sessions for all scopes...
2025-03-30 19:58:55.660 [info] Got 1 sessions for ...
2025-03-30 19:58:57.693 [info] Getting sessions for user:email...
2025-03-30 19:58:57.694 [info] Got 1 sessions for user:email...
2025-03-30 19:58:58.291 [info] Getting sessions for all scopes...
2025-03-30 19:58:58.291 [info] Got 1 sessions for ...
