2025-03-31 20:07:59.692 [info] Reading sessions from keychain...
2025-03-31 20:07:59.692 [info] Getting sessions for all scopes...
2025-03-31 20:07:59.692 [info] Getting sessions for all scopes...
2025-03-31 20:07:59.692 [info] Getting sessions for all scopes...
2025-03-31 20:07:59.692 [info] Getting sessions for all scopes...
2025-03-31 20:07:59.692 [info] Getting sessions for all scopes...
2025-03-31 20:07:59.692 [info] Getting sessions for all scopes...
2025-03-31 20:07:59.692 [info] Getting sessions for all scopes...
2025-03-31 20:07:59.748 [info] Got stored sessions!
2025-03-31 20:07:59.748 [info] Got 2 verified sessions.
2025-03-31 20:07:59.748 [info] Got 2 sessions for ...
2025-03-31 20:07:59.748 [info] Got 2 sessions for ...
2025-03-31 20:07:59.748 [info] Got 2 sessions for ...
2025-03-31 20:07:59.748 [info] Got 2 sessions for ...
2025-03-31 20:07:59.748 [info] Got 2 sessions for ...
2025-03-31 20:07:59.748 [info] Got 2 sessions for ...
2025-03-31 20:07:59.748 [info] Got 2 sessions for ...
2025-03-31 20:07:59.937 [info] Getting sessions for all scopes...
2025-03-31 20:07:59.938 [info] Got 2 sessions for ...
2025-03-31 20:07:59.964 [info] Getting sessions for user:email...
2025-03-31 20:07:59.964 [info] Got 1 sessions for user:email...
2025-03-31 20:08:02.494 [info] Getting sessions for all scopes...
2025-03-31 20:08:02.494 [info] Got 2 sessions for ...
2025-03-31 20:08:02.614 [info] Getting sessions for read:user,repo,user:email...
2025-03-31 20:08:02.614 [info] Got 0 sessions for read:user,repo,user:email...
2025-03-31 20:08:02.614 [info] Getting sessions for read:user,repo,user:email,workflow...
2025-03-31 20:08:02.614 [info] Got 1 sessions for read:user,repo,user:email,workflow...
2025-03-31 20:08:02.614 [info] Getting sessions for all scopes...
2025-03-31 20:08:02.614 [info] Got 2 sessions for ...
2025-03-31 20:08:02.614 [info] Getting sessions for all scopes...
2025-03-31 20:08:02.614 [info] Got 2 sessions for ...
2025-03-31 20:08:02.651 [info] Getting sessions for read:user,repo,user:email,workflow...
2025-03-31 20:08:02.652 [info] Got 1 sessions for read:user,repo,user:email,workflow...
2025-03-31 20:08:03.869 [info] Getting sessions for all scopes...
2025-03-31 20:08:03.869 [info] Got 2 sessions for ...
2025-03-31 20:08:03.878 [info] Getting sessions for read:user,repo,user:email,workflow...
2025-03-31 20:08:03.878 [info] Got 1 sessions for read:user,repo,user:email,workflow...
2025-03-31 20:08:03.879 [info] Getting sessions for all scopes...
2025-03-31 20:08:03.879 [info] Got 2 sessions for ...
2025-03-31 20:08:03.880 [info] Getting sessions for read:user,repo,user:email,workflow...
2025-03-31 20:08:03.880 [info] Got 1 sessions for read:user,repo,user:email,workflow...
2025-03-31 20:08:04.136 [info] Getting sessions for all scopes...
2025-03-31 20:08:04.136 [info] Got 2 sessions for ...
2025-03-31 20:08:04.137 [info] Getting sessions for read:user,repo,user:email,workflow...
2025-03-31 20:08:04.137 [info] Got 1 sessions for read:user,repo,user:email,workflow...
2025-03-31 20:08:04.679 [info] Getting sessions for all scopes...
2025-03-31 20:08:04.679 [info] Got 2 sessions for ...
2025-03-31 20:08:04.679 [info] Getting sessions for all scopes...
2025-03-31 20:08:04.679 [info] Got 2 sessions for ...
2025-03-31 20:08:04.681 [info] Getting sessions for read:user,repo,user:email,workflow...
2025-03-31 20:08:04.681 [info] Got 1 sessions for read:user,repo,user:email,workflow...
2025-03-31 20:08:04.683 [info] Getting sessions for all scopes...
2025-03-31 20:08:04.683 [info] Got 2 sessions for ...
2025-03-31 20:08:04.683 [info] Getting sessions for read:user,repo,user:email,workflow...
2025-03-31 20:08:04.683 [info] Got 1 sessions for read:user,repo,user:email,workflow...
2025-03-31 20:08:04.743 [info] Getting sessions for all scopes...
2025-03-31 20:08:04.743 [info] Got 2 sessions for ...
2025-03-31 20:08:04.746 [info] Getting sessions for read:user,repo,user:email,workflow...
2025-03-31 20:08:04.746 [info] Got 1 sessions for read:user,repo,user:email,workflow...
2025-03-31 20:08:05.643 [info] Getting sessions for all scopes...
2025-03-31 20:08:05.643 [info] Got 2 sessions for ...
2025-03-31 20:08:05.644 [info] Getting sessions for read:user,repo,user:email,workflow...
2025-03-31 20:08:05.644 [info] Got 1 sessions for read:user,repo,user:email,workflow...
