2025-03-31 20:08:03.584 [info] [main] Log level: Info
2025-03-31 20:08:03.584 [info] [main] Validating found git in: "git"
2025-03-31 20:08:03.584 [info] [main] Using git "2.49.0" from "git"
2025-03-31 20:08:03.584 [info] [Model][doInitialScan] Initial repository scan started
2025-03-31 20:08:03.584 [info] > git rev-parse --show-toplevel [1580ms]
2025-03-31 20:08:03.584 [info] > git rev-parse --git-dir --git-common-dir [24ms]
2025-03-31 20:08:03.584 [info] [Model][openRepository] Opened repository: /home/manu/Repos/dixital
2025-03-31 20:08:03.632 [info] > git rev-parse --show-toplevel [29ms]
2025-03-31 20:08:03.633 [info] > git config --get commit.template [38ms]
2025-03-31 20:08:03.675 [info] [Git][getRemotes] No remotes found in the git config file
2025-03-31 20:08:03.676 [info] > git rev-parse --show-toplevel [18ms]
2025-03-31 20:08:03.698 [info] > git for-each-ref --format=%(refname)%00%(upstream:short)%00%(objectname)%00%(upstream:track)%00%(upstream:remotename)%00%(upstream:remoteref) refs/heads/master refs/remotes/master [24ms]
2025-03-31 20:08:03.727 [info] > git status -z -uall [16ms]
2025-03-31 20:08:03.728 [info] > git for-each-ref --sort -committerdate --format %(refname) %(objectname) %(*objectname) [3ms]
2025-03-31 20:08:03.752 [info] > git rev-parse --show-toplevel [54ms]
2025-03-31 20:08:03.806 [info] > git for-each-ref --format=%(refname)%00%(upstream:short)%00%(objectname)%00%(upstream:track)%00%(upstream:remotename)%00%(upstream:remoteref) refs/heads/master refs/remotes/master [57ms]
2025-03-31 20:08:03.861 [info] > git config --get --local branch.master.vscode-merge-base [43ms]
2025-03-31 20:08:03.861 [warning] [Git][config] git config failed: Failed to execute git
2025-03-31 20:08:03.877 [info] > git rev-parse --show-toplevel [87ms]
2025-03-31 20:08:03.877 [info] > git config --get commit.template [98ms]
2025-03-31 20:08:04.912 [info] > git reflog master --grep-reflog=branch: Created from *. [1036ms]
2025-03-31 20:08:04.934 [info] [Git][getRemotes] No remotes found in the git config file
2025-03-31 20:08:04.940 [info] > git rev-parse --show-toplevel [31ms]
2025-03-31 20:08:04.941 [info] [Model][doInitialScan] Initial repository scan completed - repositories (1), closed repositories (0), parent repositories (0), unsafe repositories (0)
2025-03-31 20:08:04.951 [info] > git check-ignore -v -z --stdin [28ms]
2025-03-31 20:08:04.952 [info] > git for-each-ref --format=%(refname)%00%(upstream:short)%00%(objectname)%00%(upstream:track)%00%(upstream:remotename)%00%(upstream:remoteref) refs/heads/master refs/remotes/master [18ms]
2025-03-31 20:08:04.999 [info] > git status -z -uall [36ms]
2025-03-31 20:08:04.999 [info] > git show --textconv :src/pages/index.astro [14ms]
2025-03-31 20:08:04.999 [info] > git ls-files --stage -- src/pages/index.astro [3ms]
2025-03-31 20:08:05.011 [info] > git for-each-ref --sort -committerdate --format %(refname) %(objectname) %(*objectname) [36ms]
2025-03-31 20:08:05.025 [info] > git cat-file -s c04f3602b5521c56580c70dd0846b2c559be7193 [15ms]
2025-03-31 20:08:05.091 [info] > git blame --root --incremental 535d89cc9c8e6399aa67f34a630c0e46a6a2c3f7 -- src/pages/index.astro [7ms]
2025-03-31 20:08:05.126 [info] > git config --get commit.template [6ms]
2025-03-31 20:08:05.147 [info] [Git][getRemotes] No remotes found in the git config file
2025-03-31 20:08:05.148 [info] > git for-each-ref --format=%(refname)%00%(upstream:short)%00%(objectname)%00%(upstream:track)%00%(upstream:remotename)%00%(upstream:remoteref) refs/heads/master refs/remotes/master [1ms]
2025-03-31 20:08:05.167 [info] > git status -z -uall [9ms]
2025-03-31 20:08:05.168 [info] > git for-each-ref --sort -committerdate --format %(refname) %(objectname) %(*objectname) [1ms]
2025-03-31 20:08:07.414 [info] > git fetch [5ms]
2025-03-31 20:08:07.432 [info] > git config --get commit.template [0ms]
2025-03-31 20:08:07.445 [info] [Git][getRemotes] No remotes found in the git config file
2025-03-31 20:08:07.446 [info] > git for-each-ref --format=%(refname)%00%(upstream:short)%00%(objectname)%00%(upstream:track)%00%(upstream:remotename)%00%(upstream:remoteref) refs/heads/master refs/remotes/master [1ms]
2025-03-31 20:08:07.465 [info] > git status -z -uall [10ms]
2025-03-31 20:08:07.465 [info] > git for-each-ref --sort -committerdate --format %(refname) %(objectname) %(*objectname) [1ms]
2025-03-31 20:08:08.957 [info] > git config --get commit.template [3ms]
2025-03-31 20:08:08.977 [info] [Git][getRemotes] No remotes found in the git config file
2025-03-31 20:08:08.992 [info] > git for-each-ref --format=%(refname)%00%(upstream:short)%00%(objectname)%00%(upstream:track)%00%(upstream:remotename)%00%(upstream:remoteref) refs/heads/master refs/remotes/master [15ms]
2025-03-31 20:08:09.022 [info] > git status -z -uall [14ms]
2025-03-31 20:08:09.023 [info] > git ls-files --stage -- src/pages/index.astro [30ms]
2025-03-31 20:08:09.034 [info] > git cat-file -s c04f3602b5521c56580c70dd0846b2c559be7193 [1ms]
2025-03-31 20:08:09.034 [info] > git for-each-ref --sort -committerdate --format %(refname) %(objectname) %(*objectname) [13ms]
2025-03-31 20:08:09.050 [info] > git show --textconv :src/pages/index.astro [1ms]
2025-03-31 20:08:09.468 [info] > git check-ignore -v -z --stdin [1ms]
2025-03-31 20:08:41.816 [info] [Git][getRemotes] No remotes found in the git config file
2025-03-31 20:08:41.816 [info] > git config --get commit.template [11ms]
2025-03-31 20:08:41.817 [info] > git for-each-ref --format=%(refname)%00%(upstream:short)%00%(objectname)%00%(upstream:track)%00%(upstream:remotename)%00%(upstream:remoteref) refs/heads/master refs/remotes/master [1ms]
2025-03-31 20:08:41.839 [info] > git status -z -uall [12ms]
2025-03-31 20:08:41.840 [info] > git for-each-ref --sort -committerdate --format %(refname) %(objectname) %(*objectname) [1ms]
2025-03-31 20:09:05.815 [info] [Git][getRemotes] No remotes found in the git config file
2025-03-31 20:09:05.815 [info] > git config --get commit.template [13ms]
2025-03-31 20:09:05.815 [info] > git for-each-ref --format=%(refname)%00%(upstream:short)%00%(objectname)%00%(upstream:track)%00%(upstream:remotename)%00%(upstream:remoteref) refs/heads/master refs/remotes/master [1ms]
2025-03-31 20:09:05.837 [info] > git status -z -uall [11ms]
2025-03-31 20:09:05.837 [info] > git for-each-ref --sort -committerdate --format %(refname) %(objectname) %(*objectname) [0ms]
2025-03-31 20:10:45.572 [info] [Git][getRemotes] No remotes found in the git config file
2025-03-31 20:10:45.572 [info] > git config --get commit.template [14ms]
2025-03-31 20:10:45.572 [info] > git for-each-ref --format=%(refname)%00%(upstream:short)%00%(objectname)%00%(upstream:track)%00%(upstream:remotename)%00%(upstream:remoteref) refs/heads/master refs/remotes/master [1ms]
2025-03-31 20:10:45.600 [info] > git status -z -uall [14ms]
2025-03-31 20:10:45.602 [info] > git for-each-ref --sort -committerdate --format %(refname) %(objectname) %(*objectname) [2ms]
2025-03-31 20:10:51.170 [info] > git show --textconv :src/layouts/Layout.astro [12ms]
2025-03-31 20:10:51.170 [info] > git ls-files --stage -- src/layouts/Layout.astro [1ms]
2025-03-31 20:10:51.181 [info] > git cat-file -s e455c610672983b74483773012f972e729f5a834 [1ms]
2025-03-31 20:10:51.443 [info] > git check-ignore -v -z --stdin [1ms]
2025-03-31 20:10:57.089 [info] > git show --textconv :src/pages/index.astro [16ms]
2025-03-31 20:10:57.091 [info] > git ls-files --stage -- src/pages/index.astro [1ms]
2025-03-31 20:10:57.106 [info] > git cat-file -s c04f3602b5521c56580c70dd0846b2c559be7193 [2ms]
2025-03-31 20:11:20.873 [info] > git fetch [2ms]
2025-03-31 20:11:20.897 [info] [Git][getRemotes] No remotes found in the git config file
2025-03-31 20:11:20.898 [info] > git config --get commit.template [12ms]
2025-03-31 20:11:20.898 [info] > git for-each-ref --format=%(refname)%00%(upstream:short)%00%(objectname)%00%(upstream:track)%00%(upstream:remotename)%00%(upstream:remoteref) refs/heads/master refs/remotes/master [1ms]
2025-03-31 20:11:20.922 [info] > git status -z -uall [13ms]
2025-03-31 20:11:20.923 [info] > git for-each-ref --sort -committerdate --format %(refname) %(objectname) %(*objectname) [1ms]
2025-03-31 20:11:21.973 [info] [Git][getRemotes] No remotes found in the git config file
2025-03-31 20:11:21.974 [info] > git config --get commit.template [12ms]
2025-03-31 20:11:21.974 [info] > git for-each-ref --format=%(refname)%00%(upstream:short)%00%(objectname)%00%(upstream:track)%00%(upstream:remotename)%00%(upstream:remoteref) refs/heads/master refs/remotes/master [1ms]
2025-03-31 20:11:21.998 [info] > git status -z -uall [12ms]
2025-03-31 20:11:21.998 [info] > git for-each-ref --sort -committerdate --format %(refname) %(objectname) %(*objectname) [1ms]
2025-03-31 20:11:22.067 [info] > git ls-files --stage -- src/pages/index.astro [1ms]
2025-03-31 20:11:22.082 [info] > git cat-file -s c04f3602b5521c56580c70dd0846b2c559be7193 [1ms]
2025-03-31 20:11:22.097 [info] > git show --textconv :src/pages/index.astro [2ms]
2025-03-31 20:14:10.394 [info] [Git][getRemotes] No remotes found in the git config file
2025-03-31 20:14:10.395 [info] > git config --get commit.template [17ms]
2025-03-31 20:14:10.395 [info] > git for-each-ref --format=%(refname)%00%(upstream:short)%00%(objectname)%00%(upstream:track)%00%(upstream:remotename)%00%(upstream:remoteref) refs/heads/master refs/remotes/master [2ms]
2025-03-31 20:14:10.426 [info] > git status -z -uall [18ms]
2025-03-31 20:14:10.426 [info] > git for-each-ref --sort -committerdate --format %(refname) %(objectname) %(*objectname) [6ms]
2025-03-31 20:14:22.451 [info] > git fetch [3ms]
2025-03-31 20:14:22.475 [info] [Git][getRemotes] No remotes found in the git config file
2025-03-31 20:14:22.475 [info] > git config --get commit.template [12ms]
2025-03-31 20:14:22.475 [info] > git for-each-ref --format=%(refname)%00%(upstream:short)%00%(objectname)%00%(upstream:track)%00%(upstream:remotename)%00%(upstream:remoteref) refs/heads/master refs/remotes/master [1ms]
2025-03-31 20:14:22.497 [info] > git status -z -uall [11ms]
2025-03-31 20:14:22.497 [info] > git for-each-ref --sort -committerdate --format %(refname) %(objectname) %(*objectname) [0ms]
2025-03-31 20:14:41.002 [info] [Git][getRemotes] No remotes found in the git config file
2025-03-31 20:14:41.003 [info] > git config --get commit.template [12ms]
2025-03-31 20:14:41.003 [info] > git for-each-ref --format=%(refname)%00%(upstream:short)%00%(objectname)%00%(upstream:track)%00%(upstream:remotename)%00%(upstream:remoteref) refs/heads/master refs/remotes/master [1ms]
2025-03-31 20:14:41.027 [info] > git status -z -uall [12ms]
2025-03-31 20:14:41.027 [info] > git for-each-ref --sort -committerdate --format %(refname) %(objectname) %(*objectname) [1ms]
2025-03-31 20:16:41.680 [info] > git check-ignore -v -z --stdin [1ms]
2025-03-31 20:16:44.688 [info] [Git][getRemotes] No remotes found in the git config file
2025-03-31 20:16:44.700 [info] > git config --get commit.template [13ms]
2025-03-31 20:16:44.700 [info] > git for-each-ref --format=%(refname)%00%(upstream:short)%00%(objectname)%00%(upstream:track)%00%(upstream:remotename)%00%(upstream:remoteref) refs/heads/master refs/remotes/master [0ms]
2025-03-31 20:16:44.723 [info] > git status -z -uall [12ms]
2025-03-31 20:16:44.724 [info] > git for-each-ref --sort -committerdate --format %(refname) %(objectname) %(*objectname) [1ms]
2025-03-31 20:16:49.203 [info] > git show --textconv :src/layouts/Layout.astro [14ms]
2025-03-31 20:16:49.204 [info] > git ls-files --stage -- src/layouts/Layout.astro [3ms]
2025-03-31 20:16:49.217 [info] > git cat-file -s e455c610672983b74483773012f972e729f5a834 [1ms]
2025-03-31 20:16:49.737 [info] [Git][getRemotes] No remotes found in the git config file
2025-03-31 20:16:49.748 [info] > git config --get commit.template [11ms]
2025-03-31 20:16:49.748 [info] > git for-each-ref --format=%(refname)%00%(upstream:short)%00%(objectname)%00%(upstream:track)%00%(upstream:remotename)%00%(upstream:remoteref) refs/heads/master refs/remotes/master [1ms]
2025-03-31 20:16:49.770 [info] > git status -z -uall [10ms]
2025-03-31 20:16:49.770 [info] > git for-each-ref --sort -committerdate --format %(refname) %(objectname) %(*objectname) [1ms]
2025-03-31 20:16:50.861 [info] > git blame --root --incremental 535d89cc9c8e6399aa67f34a630c0e46a6a2c3f7 -- src/layouts/Layout.astro [2ms]
2025-03-31 20:16:55.607 [info] [Git][getRemotes] No remotes found in the git config file
2025-03-31 20:16:55.617 [info] > git config --get commit.template [10ms]
2025-03-31 20:16:55.617 [info] > git for-each-ref --format=%(refname)%00%(upstream:short)%00%(objectname)%00%(upstream:track)%00%(upstream:remotename)%00%(upstream:remoteref) refs/heads/master refs/remotes/master [1ms]
2025-03-31 20:16:55.642 [info] > git status -z -uall [14ms]
2025-03-31 20:16:55.643 [info] > git for-each-ref --sort -committerdate --format %(refname) %(objectname) %(*objectname) [1ms]
2025-03-31 20:17:00.739 [info] [Git][getRemotes] No remotes found in the git config file
2025-03-31 20:17:00.740 [info] > git config --get commit.template [12ms]
2025-03-31 20:17:00.740 [info] > git for-each-ref --format=%(refname)%00%(upstream:short)%00%(objectname)%00%(upstream:track)%00%(upstream:remotename)%00%(upstream:remoteref) refs/heads/master refs/remotes/master [1ms]
2025-03-31 20:17:00.763 [info] > git status -z -uall [11ms]
2025-03-31 20:17:00.763 [info] > git for-each-ref --sort -committerdate --format %(refname) %(objectname) %(*objectname) [1ms]
2025-03-31 20:17:01.587 [info] > git log --format=%H%n%aN%n%aE%n%at%n%ct%n%P%n%D%n%B -z --shortstat --diff-merges=first-parent -n50 --skip=0 --topo-order --decorate=full --stdin [8ms]
2025-04-01 08:55:52.288 [info] > git fetch [2ms]
2025-04-01 08:55:52.326 [info] [Git][getRemotes] No remotes found in the git config file
2025-04-01 08:55:52.326 [info] > git config --get commit.template [18ms]
2025-04-01 08:55:52.332 [info] > git for-each-ref --format=%(refname)%00%(upstream:short)%00%(objectname)%00%(upstream:track)%00%(upstream:remotename)%00%(upstream:remoteref) refs/heads/master refs/remotes/master [7ms]
2025-04-01 08:55:52.372 [info] > git status -z -uall [20ms]
2025-04-01 08:55:52.373 [info] > git for-each-ref --sort -committerdate --format %(refname) %(objectname) %(*objectname) [2ms]
2025-04-01 08:55:53.493 [info] > git ls-files --stage -- src/layouts/Layout.astro [2ms]
2025-04-01 08:55:53.509 [info] > git cat-file -s e455c610672983b74483773012f972e729f5a834 [2ms]
2025-04-01 08:55:53.531 [info] > git show --textconv :src/layouts/Layout.astro [2ms]
2025-04-01 08:55:53.911 [info] > git diff -- /home/manu/Repos/dixital/astro.config.mjs [1ms]
2025-04-01 08:55:53.933 [info] > git diff -- /home/manu/Repos/dixital/package-lock.json [5ms]
2025-04-01 08:55:53.949 [info] > git diff -- /home/manu/Repos/dixital/package.json [1ms]
2025-04-01 08:55:53.966 [info] > git diff -- /home/manu/Repos/dixital/src/layouts/Layout.astro [2ms]
2025-04-01 08:55:53.984 [info] > git diff -- /home/manu/Repos/dixital/src/pages/index.astro [2ms]
2025-04-01 08:55:54.006 [info] > git log --format=%H%n%aN%n%aE%n%at%n%ct%n%P%n%D%n%B -z -n5 [2ms]
2025-04-01 08:55:54.024 [info] > git config --get --local user.name [1ms]
2025-04-01 08:55:54.024 [warning] [Git][config] git config failed: Failed to execute git
2025-04-01 08:55:54.043 [info] > git log --format=%H%n%aN%n%aE%n%at%n%ct%n%P%n%D%n%B -z -n5 [2ms]
2025-04-01 08:55:56.900 [info] > git check-ignore -v -z --stdin [2ms]
2025-04-01 08:55:57.498 [info] > git log --format=%H%n%aN%n%aE%n%at%n%ct%n%P%n%D%n%B -z --shortstat --diff-merges=first-parent -n50 --skip=0 --topo-order --decorate=full --stdin [6ms]
2025-04-01 08:55:58.961 [info] > git add -A -- . [7ms]
2025-04-01 08:55:58.984 [info] > git -c user.useConfigOnly=true commit --quiet --allow-empty-message --file - [6ms]
2025-04-01 08:55:59.000 [info] > git config --get commit.template [1ms]
2025-04-01 08:55:59.018 [info] > git config --get commit.template [2ms]
2025-04-01 08:55:59.033 [info] [Git][getRemotes] No remotes found in the git config file
2025-04-01 08:55:59.035 [info] > git for-each-ref --format=%(refname)%00%(upstream:short)%00%(objectname)%00%(upstream:track)%00%(upstream:remotename)%00%(upstream:remoteref) refs/heads/master refs/remotes/master [1ms]
2025-04-01 08:55:59.068 [info] > git status -z -uall [17ms]
2025-04-01 08:55:59.068 [info] > git for-each-ref --sort -committerdate --format %(refname) %(objectname) %(*objectname) [1ms]
2025-04-01 08:55:59.107 [info] > git blame --root --incremental a32ba33b5b31b79d434461a2cb991eaf7887661a -- src/layouts/Layout.astro [21ms]
2025-04-01 08:55:59.126 [info] > git show -s --decorate=full --shortstat --format=%H%n%aN%n%aE%n%at%n%ct%n%P%n%D%n%B -z a32ba33b5b31b79d434461a2cb991eaf7887661a [23ms]
2025-04-01 08:55:59.179 [info] > git log --format=%H%n%aN%n%aE%n%at%n%ct%n%P%n%D%n%B -z --shortstat --diff-merges=first-parent -n50 --skip=0 --topo-order --decorate=full --stdin [54ms]
2025-04-01 08:55:59.181 [info] > git config --get commit.template [3ms]
2025-04-01 08:55:59.203 [info] [Git][getRemotes] No remotes found in the git config file
2025-04-01 08:55:59.205 [info] > git for-each-ref --format=%(refname)%00%(upstream:short)%00%(objectname)%00%(upstream:track)%00%(upstream:remotename)%00%(upstream:remoteref) refs/heads/master refs/remotes/master [3ms]
2025-04-01 08:55:59.238 [info] > git status -z -uall [17ms]
2025-04-01 08:55:59.238 [info] > git for-each-ref --sort -committerdate --format %(refname) %(objectname) %(*objectname) [2ms]
2025-04-01 08:56:00.249 [info] > git ls-files --stage -- src/layouts/Layout.astro [1ms]
2025-04-01 08:56:00.264 [info] > git cat-file -s 20a9e0a50ca2fb130d229b6eeeae3997ed311957 [1ms]
2025-04-01 08:56:00.281 [info] > git show --textconv :src/layouts/Layout.astro [1ms]
2025-04-01 08:56:05.163 [info] > git remote add origin https://github.com/manudelp/dixital.git [4ms]
2025-04-01 08:56:05.195 [info] > git config --get commit.template [15ms]
2025-04-01 08:56:05.195 [info] > git for-each-ref --format=%(refname)%00%(upstream:short)%00%(objectname)%00%(upstream:track)%00%(upstream:remotename)%00%(upstream:remoteref) refs/heads/master refs/remotes/master [1ms]
2025-04-01 08:56:05.227 [info] > git status -z -uall [17ms]
2025-04-01 08:56:05.228 [info] > git for-each-ref --sort -committerdate --format %(refname) %(objectname) %(*objectname) [2ms]
2025-04-01 08:56:06.371 [info] > git ls-files --stage -- src/layouts/Layout.astro [1ms]
2025-04-01 08:56:06.388 [info] > git cat-file -s 20a9e0a50ca2fb130d229b6eeeae3997ed311957 [1ms]
2025-04-01 08:56:06.406 [info] > git show --textconv :src/layouts/Layout.astro [1ms]
2025-04-01 08:56:06.758 [info] > git push -u origin master [1509ms]
2025-04-01 08:56:06.758 [info] To https://github.com/manudelp/dixital.git
 * [new branch]      master -> master
2025-04-01 08:56:06.796 [info] > git config --get commit.template [16ms]
2025-04-01 08:56:06.797 [info] > git for-each-ref --format=%(refname)%00%(upstream:short)%00%(objectname)%00%(upstream:track)%00%(upstream:remotename)%00%(upstream:remoteref) refs/heads/master refs/remotes/master [2ms]
2025-04-01 08:56:06.825 [info] > git status -z -uall [13ms]
2025-04-01 08:56:06.828 [info] > git for-each-ref --sort -committerdate --format %(refname) %(objectname) %(*objectname) [3ms]
2025-04-01 08:56:06.855 [info] > git merge-base refs/heads/master refs/remotes/origin/master [2ms]
2025-04-01 08:56:06.887 [info] > git diff --name-status -z --diff-filter=ADMR a32ba33b5b31b79d434461a2cb991eaf7887661a...refs/remotes/origin/master [17ms]
2025-04-01 08:56:06.895 [info] > git log --format=%H%n%aN%n%aE%n%at%n%ct%n%P%n%D%n%B -z --shortstat --diff-merges=first-parent -n50 --skip=0 --topo-order --decorate=full --stdin [8ms]
2025-04-01 08:56:07.945 [info] > git ls-files --stage -- src/layouts/Layout.astro [3ms]
2025-04-01 08:56:07.960 [info] > git cat-file -s 20a9e0a50ca2fb130d229b6eeeae3997ed311957 [2ms]
2025-04-01 08:56:07.976 [info] > git show --textconv :src/layouts/Layout.astro [1ms]
