2025-03-30 18:44:02.187 [info] [main] Log level: Info
2025-03-30 18:44:02.187 [info] [main] Validating found git in: "git"
2025-03-30 18:44:02.187 [info] [main] Using git "2.49.0" from "git"
2025-03-30 18:44:02.187 [info] [Model][doInitialScan] Initial repository scan started
2025-03-30 18:44:02.187 [info] > git rev-parse --show-toplevel [4ms]
2025-03-30 18:44:02.187 [info] fatal: not a git repository (or any parent up to mount point /)
Stopping at filesystem boundary (GIT_DISCOVERY_ACROSS_FILESYSTEM not set).
2025-03-30 18:44:02.187 [info] [Model][doInitialScan] Initial repository scan completed - repositories (0), closed repositories (0), parent repositories (0), unsafe repositories (0)
2025-03-30 18:51:13.297 [info] > git rev-parse --show-toplevel [4ms]
2025-03-30 18:51:13.297 [info] fatal: not a git repository (or any parent up to mount point /)
Stopping at filesystem boundary (GIT_DISCOVERY_ACROSS_FILESYSTEM not set).
2025-03-30 18:51:38.775 [info] > git rev-parse --show-toplevel [3ms]
2025-03-30 18:51:38.775 [info] fatal: not a git repository (or any parent up to mount point /)
Stopping at filesystem boundary (GIT_DISCOVERY_ACROSS_FILESYSTEM not set).
2025-03-30 19:12:02.415 [info] > git rev-parse --show-toplevel [3ms]
2025-03-30 19:12:02.415 [info] fatal: not a git repository (or any parent up to mount point /)
Stopping at filesystem boundary (GIT_DISCOVERY_ACROSS_FILESYSTEM not set).
2025-03-30 19:13:12.154 [info] > git rev-parse --show-toplevel [4ms]
2025-03-30 19:13:12.154 [info] fatal: not a git repository (or any parent up to mount point /)
Stopping at filesystem boundary (GIT_DISCOVERY_ACROSS_FILESYSTEM not set).
2025-03-30 19:14:06.366 [info] > git rev-parse --show-toplevel [5ms]
2025-03-30 19:14:06.366 [info] fatal: not a git repository (or any parent up to mount point /)
Stopping at filesystem boundary (GIT_DISCOVERY_ACROSS_FILESYSTEM not set).
2025-03-30 19:18:55.177 [info] > git rev-parse --show-toplevel [5ms]
2025-03-30 19:18:55.177 [info] fatal: not a git repository (or any parent up to mount point /)
Stopping at filesystem boundary (GIT_DISCOVERY_ACROSS_FILESYSTEM not set).
2025-03-30 19:20:42.176 [info] > git rev-parse --show-toplevel [4ms]
2025-03-30 19:20:42.176 [info] fatal: not a git repository (or any parent up to mount point /)
Stopping at filesystem boundary (GIT_DISCOVERY_ACROSS_FILESYSTEM not set).
2025-03-30 19:30:10.043 [info] > git rev-parse --show-toplevel [4ms]
2025-03-30 19:30:10.043 [info] fatal: not a git repository (or any parent up to mount point /)
Stopping at filesystem boundary (GIT_DISCOVERY_ACROSS_FILESYSTEM not set).
2025-03-30 19:30:11.898 [info] > git rev-parse --show-toplevel [3ms]
2025-03-30 19:30:11.898 [info] fatal: not a git repository (or any parent up to mount point /)
Stopping at filesystem boundary (GIT_DISCOVERY_ACROSS_FILESYSTEM not set).
2025-03-30 19:30:21.076 [info] > git rev-parse --show-toplevel [4ms]
2025-03-30 19:30:21.076 [info] fatal: not a git repository (or any parent up to mount point /)
Stopping at filesystem boundary (GIT_DISCOVERY_ACROSS_FILESYSTEM not set).
2025-03-30 19:30:37.042 [info] > git rev-parse --show-toplevel [2ms]
2025-03-30 19:30:37.042 [info] fatal: not a git repository (or any parent up to mount point /)
Stopping at filesystem boundary (GIT_DISCOVERY_ACROSS_FILESYSTEM not set).
2025-03-30 19:30:48.155 [info] > git rev-parse --show-toplevel [4ms]
2025-03-30 19:30:48.155 [info] fatal: not a git repository (or any parent up to mount point /)
Stopping at filesystem boundary (GIT_DISCOVERY_ACROSS_FILESYSTEM not set).
