2025-03-30 19:39:46.458 [info] Reading sessions from keychain...
2025-03-30 19:39:46.458 [info] Getting sessions for all scopes...
2025-03-30 19:39:46.458 [info] Getting sessions for all scopes...
2025-03-30 19:39:46.458 [info] Getting sessions for all scopes...
2025-03-30 19:39:46.458 [info] Getting sessions for all scopes...
2025-03-30 19:39:46.458 [info] Getting sessions for all scopes...
2025-03-30 19:39:46.458 [info] Getting sessions for all scopes...
2025-03-30 19:39:46.458 [info] Getting sessions for all scopes...
2025-03-30 19:39:46.544 [info] Got stored sessions!
2025-03-30 19:39:46.544 [info] Got 1 verified sessions.
2025-03-30 19:39:46.544 [info] Got 1 sessions for ...
2025-03-30 19:39:46.544 [info] Got 1 sessions for ...
2025-03-30 19:39:46.544 [info] Got 1 sessions for ...
2025-03-30 19:39:46.544 [info] Got 1 sessions for ...
2025-03-30 19:39:46.544 [info] Got 1 sessions for ...
2025-03-30 19:39:46.544 [info] Got 1 sessions for ...
2025-03-30 19:39:46.544 [info] Got 1 sessions for ...
2025-03-30 19:39:46.819 [info] Getting sessions for all scopes...
2025-03-30 19:39:46.819 [info] Got 1 sessions for ...
2025-03-30 19:39:48.654 [info] Getting sessions for user:email...
2025-03-30 19:39:48.654 [info] Got 1 sessions for user:email...
2025-03-30 19:39:48.857 [info] Getting sessions for all scopes...
2025-03-30 19:39:48.857 [info] Got 1 sessions for ...
2025-03-30 19:39:49.809 [info] Getting sessions for read:user,repo,user:email...
2025-03-30 19:39:49.809 [info] Got 0 sessions for read:user,repo,user:email...
2025-03-30 19:39:49.810 [info] Getting sessions for read:user,repo,user:email,workflow...
2025-03-30 19:39:49.810 [info] Got 0 sessions for read:user,repo,user:email,workflow...
2025-03-30 19:39:49.825 [info] Getting sessions for all scopes...
2025-03-30 19:39:49.825 [info] Got 1 sessions for ...
2025-03-30 19:39:49.825 [info] Getting sessions for all scopes...
2025-03-30 19:39:49.825 [info] Got 1 sessions for ...
2025-03-30 19:39:50.113 [info] Getting sessions for read:user...
2025-03-30 19:39:50.113 [info] Got 0 sessions for read:user...
2025-03-30 19:39:50.113 [info] Getting sessions for read:user,repo,user:email,workflow...
2025-03-30 19:39:50.113 [info] Got 0 sessions for read:user,repo,user:email,workflow...
2025-03-30 19:39:50.221 [info] Getting sessions for user:email...
2025-03-30 19:39:50.221 [info] Got 1 sessions for user:email...
2025-03-30 19:39:50.221 [info] Getting sessions for user:email...
2025-03-30 19:39:50.221 [info] Got 1 sessions for user:email...
2025-03-30 19:39:50.221 [info] Getting sessions for read:user,repo,user:email,workflow...
2025-03-30 19:39:50.221 [info] Got 0 sessions for read:user,repo,user:email,workflow...
2025-03-30 19:39:50.632 [info] Getting sessions for all scopes...
2025-03-30 19:39:50.632 [info] Got 1 sessions for ...
2025-03-30 19:39:51.908 [info] Getting sessions for read:user,repo,user:email,workflow...
2025-03-30 19:39:51.908 [info] Got 0 sessions for read:user,repo,user:email,workflow...
2025-03-30 19:39:51.976 [info] Getting sessions for user:email...
2025-03-30 19:39:51.976 [info] Got 1 sessions for user:email...
2025-03-30 19:39:52.021 [info] Getting sessions for read:user,repo,user:email,workflow...
2025-03-30 19:39:52.021 [info] Got 0 sessions for read:user,repo,user:email,workflow...
2025-03-30 19:39:52.038 [info] Getting sessions for all scopes...
2025-03-30 19:39:52.038 [info] Got 1 sessions for ...
2025-03-30 19:39:52.040 [info] Getting sessions for read:user,repo,user:email,workflow...
2025-03-30 19:39:52.040 [info] Got 0 sessions for read:user,repo,user:email,workflow...
2025-03-30 19:39:52.041 [info] Getting sessions for user:email...
2025-03-30 19:39:52.041 [info] Got 1 sessions for user:email...
2025-03-30 19:39:52.678 [info] Getting sessions for all scopes...
2025-03-30 19:39:52.678 [info] Got 1 sessions for ...
2025-03-30 19:39:52.678 [info] Getting sessions for all scopes...
2025-03-30 19:39:52.678 [info] Got 1 sessions for ...
2025-03-30 19:39:52.689 [info] Getting sessions for read:user,repo,user:email,workflow...
2025-03-30 19:39:52.689 [info] Got 0 sessions for read:user,repo,user:email,workflow...
2025-03-30 19:39:52.690 [info] Getting sessions for user:email...
2025-03-30 19:39:52.690 [info] Got 1 sessions for user:email...
2025-03-30 19:39:52.690 [info] Getting sessions for read:user,repo,user:email,workflow...
2025-03-30 19:39:52.690 [info] Got 0 sessions for read:user,repo,user:email,workflow...
2025-03-30 19:39:52.693 [info] Getting sessions for all scopes...
2025-03-30 19:39:52.693 [info] Got 1 sessions for ...
2025-03-30 19:39:52.694 [info] Getting sessions for read:user,repo,user:email,workflow...
2025-03-30 19:39:52.694 [info] Got 0 sessions for read:user,repo,user:email,workflow...
2025-03-30 19:39:52.695 [info] Getting sessions for user:email...
2025-03-30 19:39:52.695 [info] Got 1 sessions for user:email...
2025-03-30 19:39:52.777 [info] Getting sessions for all scopes...
2025-03-30 19:39:52.777 [info] Got 1 sessions for ...
2025-03-30 19:39:52.778 [info] Getting sessions for all scopes...
2025-03-30 19:39:52.778 [info] Got 1 sessions for ...
2025-03-30 19:39:52.799 [info] Getting sessions for read:user,repo,user:email,workflow...
2025-03-30 19:39:52.799 [info] Got 0 sessions for read:user,repo,user:email,workflow...
2025-03-30 19:39:52.803 [info] Getting sessions for user:email...
2025-03-30 19:39:52.803 [info] Got 1 sessions for user:email...
2025-03-30 19:39:52.803 [info] Getting sessions for read:user,repo,user:email,workflow...
2025-03-30 19:39:52.803 [info] Got 0 sessions for read:user,repo,user:email,workflow...
2025-03-30 19:39:52.814 [info] Getting sessions for all scopes...
2025-03-30 19:39:52.814 [info] Got 1 sessions for ...
2025-03-30 19:39:52.817 [info] Getting sessions for read:user,repo,user:email,workflow...
2025-03-30 19:39:52.817 [info] Got 0 sessions for read:user,repo,user:email,workflow...
2025-03-30 19:39:52.818 [info] Getting sessions for user:email...
2025-03-30 19:39:52.818 [info] Got 1 sessions for user:email...
2025-03-30 19:39:53.763 [info] Getting sessions for all scopes...
2025-03-30 19:39:53.763 [info] Got 1 sessions for ...
2025-03-30 19:39:53.765 [info] Getting sessions for read:user,repo,user:email,workflow...
2025-03-30 19:39:53.765 [info] Got 0 sessions for read:user,repo,user:email,workflow...
2025-03-30 19:39:53.765 [info] Getting sessions for user:email...
2025-03-30 19:39:53.765 [info] Got 1 sessions for user:email...
