2025-03-31 20:08:00.069 [info] Reading sessions from keychain...
2025-03-31 20:08:00.069 [info] Getting sessions for all scopes...
2025-03-31 20:08:00.069 [info] Getting sessions for all scopes...
2025-03-31 20:08:00.069 [info] Getting sessions for all scopes...
2025-03-31 20:08:00.069 [info] Getting sessions for all scopes...
2025-03-31 20:08:00.069 [info] Getting sessions for all scopes...
2025-03-31 20:08:00.069 [info] Getting sessions for all scopes...
2025-03-31 20:08:00.069 [info] Getting sessions for all scopes...
2025-03-31 20:08:00.093 [info] Got stored sessions!
2025-03-31 20:08:00.093 [info] Got 2 verified sessions.
2025-03-31 20:08:00.093 [info] Got 2 sessions for ...
2025-03-31 20:08:00.093 [info] Got 2 sessions for ...
2025-03-31 20:08:00.093 [info] Got 2 sessions for ...
2025-03-31 20:08:00.093 [info] Got 2 sessions for ...
2025-03-31 20:08:00.093 [info] Got 2 sessions for ...
2025-03-31 20:08:00.093 [info] Got 2 sessions for ...
2025-03-31 20:08:00.093 [info] Got 2 sessions for ...
2025-03-31 20:08:00.149 [info] Getting sessions for all scopes...
2025-03-31 20:08:00.149 [info] Got 2 sessions for ...
2025-03-31 20:08:00.406 [info] Getting sessions for user:email...
2025-03-31 20:08:00.406 [info] Got 1 sessions for user:email...
2025-03-31 20:08:03.025 [info] Getting sessions for all scopes...
2025-03-31 20:08:03.025 [info] Got 2 sessions for ...
2025-03-31 20:08:03.542 [info] Getting sessions for read:user,repo,user:email...
2025-03-31 20:08:03.542 [info] Got 0 sessions for read:user,repo,user:email...
2025-03-31 20:08:03.542 [info] Getting sessions for read:user,repo,user:email,workflow...
2025-03-31 20:08:03.542 [info] Got 1 sessions for read:user,repo,user:email,workflow...
2025-03-31 20:08:03.542 [info] Getting sessions for all scopes...
2025-03-31 20:08:03.542 [info] Got 2 sessions for ...
2025-03-31 20:08:03.542 [info] Getting sessions for all scopes...
2025-03-31 20:08:03.542 [info] Got 2 sessions for ...
2025-03-31 20:08:03.679 [info] Getting sessions for read:user,repo,user:email,workflow...
2025-03-31 20:08:03.679 [info] Got 1 sessions for read:user,repo,user:email,workflow...
2025-03-31 20:08:03.895 [info] Getting sessions for user:email...
2025-03-31 20:08:03.895 [info] Got 1 sessions for user:email...
2025-03-31 20:08:04.924 [info] Getting sessions for all scopes...
2025-03-31 20:08:04.924 [info] Got 2 sessions for ...
2025-03-31 20:08:04.951 [info] Getting sessions for read:user,repo,user:email...
2025-03-31 20:08:04.951 [info] Got 0 sessions for read:user,repo,user:email...
2025-03-31 20:08:05.026 [info] Getting sessions for user:email...
2025-03-31 20:08:05.026 [info] Got 1 sessions for user:email...
2025-03-31 20:08:05.026 [info] Getting sessions for read:user,repo,user:email,workflow...
2025-03-31 20:08:05.026 [info] Got 1 sessions for read:user,repo,user:email,workflow...
2025-03-31 20:08:05.062 [info] Getting sessions for all scopes...
2025-03-31 20:08:05.062 [info] Got 2 sessions for ...
2025-03-31 20:08:05.092 [info] Getting sessions for read:user,repo,user:email,workflow...
2025-03-31 20:08:05.092 [info] Got 1 sessions for read:user,repo,user:email,workflow...
2025-03-31 20:08:05.136 [info] Getting sessions for all scopes...
2025-03-31 20:08:05.136 [info] Got 2 sessions for ...
2025-03-31 20:08:05.172 [info] Getting sessions for read:user,repo,user:email,workflow...
2025-03-31 20:08:05.172 [info] Got 1 sessions for read:user,repo,user:email,workflow...
2025-03-31 20:08:05.661 [info] Getting sessions for all scopes...
2025-03-31 20:08:05.661 [info] Got 2 sessions for ...
2025-03-31 20:08:05.661 [info] Getting sessions for all scopes...
2025-03-31 20:08:05.661 [info] Got 2 sessions for ...
2025-03-31 20:08:05.670 [info] Getting sessions for read:user,repo,user:email,workflow...
2025-03-31 20:08:05.670 [info] Got 1 sessions for read:user,repo,user:email,workflow...
2025-03-31 20:08:05.672 [info] Getting sessions for all scopes...
2025-03-31 20:08:05.672 [info] Got 2 sessions for ...
2025-03-31 20:08:05.672 [info] Getting sessions for read:user,repo,user:email,workflow...
2025-03-31 20:08:05.672 [info] Got 1 sessions for read:user,repo,user:email,workflow...
2025-03-31 20:08:05.743 [info] Getting sessions for all scopes...
2025-03-31 20:08:05.743 [info] Got 2 sessions for ...
2025-03-31 20:08:05.749 [info] Getting sessions for read:user,repo,user:email,workflow...
2025-03-31 20:08:05.749 [info] Got 1 sessions for read:user,repo,user:email,workflow...
2025-03-31 20:08:06.197 [info] Getting sessions for all scopes...
2025-03-31 20:08:06.197 [info] Got 2 sessions for ...
2025-03-31 20:08:06.210 [info] Getting sessions for read:user,repo,user:email,workflow...
2025-03-31 20:08:06.210 [info] Got 1 sessions for read:user,repo,user:email,workflow...
2025-04-01 08:55:54.045 [info] Getting sessions for all scopes...
2025-04-01 08:55:54.045 [info] Got 2 sessions for ...
2025-04-01 08:55:54.046 [info] Getting sessions for read:user,repo,user:email,workflow...
2025-04-01 08:55:54.046 [info] Got 1 sessions for read:user,repo,user:email,workflow...
2025-04-01 08:55:54.048 [info] Getting sessions for all scopes...
2025-04-01 08:55:54.048 [info] Got 2 sessions for ...
2025-04-01 08:55:54.048 [info] Getting sessions for read:user,repo,user:email,workflow...
2025-04-01 08:55:54.049 [info] Got 1 sessions for read:user,repo,user:email,workflow...
2025-04-01 08:55:54.799 [info] Getting sessions for all scopes...
2025-04-01 08:55:54.799 [info] Got 2 sessions for ...
2025-04-01 08:55:54.799 [info] Getting sessions for all scopes...
2025-04-01 08:55:54.799 [info] Got 2 sessions for ...
2025-04-01 08:55:54.801 [info] Getting sessions for read:user,repo,user:email,workflow...
2025-04-01 08:55:54.801 [info] Got 1 sessions for read:user,repo,user:email,workflow...
2025-04-01 08:55:54.802 [info] Getting sessions for all scopes...
2025-04-01 08:55:54.803 [info] Got 2 sessions for ...
2025-04-01 08:55:54.804 [info] Getting sessions for read:user,repo,user:email,workflow...
2025-04-01 08:55:54.804 [info] Got 1 sessions for read:user,repo,user:email,workflow...
2025-04-01 08:55:54.807 [info] Getting sessions for all scopes...
2025-04-01 08:55:54.807 [info] Got 2 sessions for ...
2025-04-01 08:55:54.811 [info] Getting sessions for read:user,repo,user:email,workflow...
2025-04-01 08:55:54.811 [info] Got 1 sessions for read:user,repo,user:email,workflow...
2025-04-01 08:55:55.549 [info] Getting sessions for all scopes...
2025-04-01 08:55:55.549 [info] Got 2 sessions for ...
2025-04-01 08:55:55.550 [info] Getting sessions for read:user,repo,user:email,workflow...
2025-04-01 08:55:55.550 [info] Got 1 sessions for read:user,repo,user:email,workflow...
2025-04-01 08:55:56.073 [info] Getting sessions for all scopes...
2025-04-01 08:55:56.073 [info] Got 2 sessions for ...
2025-04-01 08:55:56.075 [info] Getting sessions for read:user,repo,user:email,workflow...
2025-04-01 08:55:56.075 [info] Got 1 sessions for read:user,repo,user:email,workflow...
2025-04-01 08:56:00.016 [info] Getting sessions for read:user,repo,user:email,workflow...
2025-04-01 08:56:00.016 [info] Got 1 sessions for read:user,repo,user:email,workflow...
2025-04-01 08:56:05.722 [info] Getting sessions for read:user,repo,user:email,workflow...
2025-04-01 08:56:05.722 [info] Got 1 sessions for read:user,repo,user:email,workflow...
2025-04-01 08:56:06.909 [info] Getting sessions for read:user,repo,user:email,workflow...
2025-04-01 08:56:06.909 [info] Got 1 sessions for read:user,repo,user:email,workflow...
2025-04-01 08:56:07.394 [info] Getting sessions for read:user,repo,user:email,workflow...
2025-04-01 08:56:07.394 [info] Got 1 sessions for read:user,repo,user:email,workflow...
