2025-03-30 19:53:22.977 [info] Reading sessions from keychain...
2025-03-30 19:53:22.978 [info] Getting sessions for all scopes...
2025-03-30 19:53:22.978 [info] Getting sessions for all scopes...
2025-03-30 19:53:22.978 [info] Got stored sessions!
2025-03-30 19:53:22.978 [info] Got 1 verified sessions.
2025-03-30 19:53:22.978 [info] Got 1 sessions for ...
2025-03-30 19:53:22.978 [info] Got 1 sessions for ...
2025-03-30 19:53:22.978 [info] Getting sessions for all scopes...
2025-03-30 19:53:22.978 [info] Got 1 sessions for ...
2025-03-30 19:53:22.978 [info] Getting sessions for all scopes...
2025-03-30 19:53:22.978 [info] Got 1 sessions for ...
2025-03-30 19:53:22.978 [info] Getting sessions for all scopes...
2025-03-30 19:53:22.978 [info] Got 1 sessions for ...
2025-03-30 19:53:22.978 [info] Getting sessions for all scopes...
2025-03-30 19:53:22.978 [info] Got 1 sessions for ...
2025-03-30 19:53:22.978 [info] Getting sessions for all scopes...
2025-03-30 19:53:22.978 [info] Got 1 sessions for ...
2025-03-30 19:53:22.978 [info] Getting sessions for all scopes...
2025-03-30 19:53:22.978 [info] Got 1 sessions for ...
2025-03-30 19:53:25.475 [info] Getting sessions for user:email...
2025-03-30 19:53:25.475 [info] Got 1 sessions for user:email...
2025-03-30 19:53:25.584 [info] Getting sessions for all scopes...
2025-03-30 19:53:25.584 [info] Got 1 sessions for ...
2025-03-30 19:53:26.684 [info] Getting sessions for read:user,repo,user:email...
2025-03-30 19:53:26.684 [info] Got 0 sessions for read:user,repo,user:email...
2025-03-30 19:53:26.697 [info] Getting sessions for read:user,repo,user:email,workflow...
2025-03-30 19:53:26.697 [info] Got 0 sessions for read:user,repo,user:email,workflow...
2025-03-30 19:53:26.699 [info] Getting sessions for all scopes...
2025-03-30 19:53:26.699 [info] Got 1 sessions for ...
2025-03-30 19:53:26.699 [info] Getting sessions for all scopes...
2025-03-30 19:53:26.699 [info] Got 1 sessions for ...
2025-03-30 19:53:26.997 [info] Getting sessions for read:user...
2025-03-30 19:53:26.997 [info] Got 0 sessions for read:user...
2025-03-30 19:53:26.997 [info] Getting sessions for read:user,repo,user:email,workflow...
2025-03-30 19:53:26.997 [info] Got 0 sessions for read:user,repo,user:email,workflow...
2025-03-30 19:53:27.096 [info] Getting sessions for user:email...
2025-03-30 19:53:27.096 [info] Got 1 sessions for user:email...
2025-03-30 19:53:27.097 [info] Getting sessions for user:email...
2025-03-30 19:53:27.097 [info] Got 1 sessions for user:email...
2025-03-30 19:53:27.097 [info] Getting sessions for read:user,repo,user:email,workflow...
2025-03-30 19:53:27.097 [info] Got 0 sessions for read:user,repo,user:email,workflow...
2025-03-30 19:53:27.544 [info] Getting sessions for all scopes...
2025-03-30 19:53:27.544 [info] Got 1 sessions for ...
2025-03-30 19:53:27.544 [info] Getting sessions for all scopes...
2025-03-30 19:53:27.544 [info] Got 1 sessions for ...
2025-03-30 19:53:27.628 [info] Getting sessions for read:user,repo,user:email,workflow...
2025-03-30 19:53:27.628 [info] Got 0 sessions for read:user,repo,user:email,workflow...
2025-03-30 19:53:29.066 [info] Getting sessions for user:email...
2025-03-30 19:53:29.066 [info] Got 1 sessions for user:email...
2025-03-30 19:53:29.066 [info] Getting sessions for read:user,repo,user:email,workflow...
2025-03-30 19:53:29.066 [info] Got 0 sessions for read:user,repo,user:email,workflow...
2025-03-30 19:53:29.751 [info] Getting sessions for all scopes...
2025-03-30 19:53:29.751 [info] Got 1 sessions for ...
2025-03-30 19:53:29.751 [info] Getting sessions for all scopes...
2025-03-30 19:53:29.751 [info] Got 1 sessions for ...
2025-03-30 19:53:29.752 [info] Getting sessions for read:user,repo,user:email,workflow...
2025-03-30 19:53:29.752 [info] Got 0 sessions for read:user,repo,user:email,workflow...
2025-03-30 19:53:29.753 [info] Getting sessions for user:email...
2025-03-30 19:53:29.753 [info] Got 1 sessions for user:email...
2025-03-30 19:53:29.754 [info] Getting sessions for read:user,repo,user:email,workflow...
2025-03-30 19:53:29.754 [info] Got 0 sessions for read:user,repo,user:email,workflow...
2025-03-30 19:53:29.756 [info] Getting sessions for all scopes...
2025-03-30 19:53:29.756 [info] Got 1 sessions for ...
2025-03-30 19:53:29.757 [info] Getting sessions for read:user,repo,user:email,workflow...
2025-03-30 19:53:29.757 [info] Got 0 sessions for read:user,repo,user:email,workflow...
2025-03-30 19:53:29.758 [info] Getting sessions for user:email...
2025-03-30 19:53:29.758 [info] Got 1 sessions for user:email...
2025-03-30 19:53:29.870 [info] Getting sessions for all scopes...
2025-03-30 19:53:29.870 [info] Got 1 sessions for ...
2025-03-30 19:53:29.872 [info] Getting sessions for all scopes...
2025-03-30 19:53:29.872 [info] Got 1 sessions for ...
2025-03-30 19:53:29.884 [info] Getting sessions for read:user,repo,user:email,workflow...
2025-03-30 19:53:29.884 [info] Got 0 sessions for read:user,repo,user:email,workflow...
2025-03-30 19:53:29.885 [info] Getting sessions for user:email...
2025-03-30 19:53:29.885 [info] Got 1 sessions for user:email...
2025-03-30 19:53:29.885 [info] Getting sessions for read:user,repo,user:email,workflow...
2025-03-30 19:53:29.885 [info] Got 0 sessions for read:user,repo,user:email,workflow...
2025-03-30 19:53:29.889 [info] Getting sessions for all scopes...
2025-03-30 19:53:29.889 [info] Got 1 sessions for ...
2025-03-30 19:53:29.890 [info] Getting sessions for read:user,repo,user:email,workflow...
2025-03-30 19:53:29.890 [info] Got 0 sessions for read:user,repo,user:email,workflow...
2025-03-30 19:53:29.890 [info] Getting sessions for user:email...
2025-03-30 19:53:29.890 [info] Got 1 sessions for user:email...
2025-03-30 19:53:30.867 [info] Getting sessions for all scopes...
2025-03-30 19:53:30.867 [info] Got 1 sessions for ...
2025-03-30 19:53:30.869 [info] Getting sessions for read:user,repo,user:email,workflow...
2025-03-30 19:53:30.869 [info] Got 0 sessions for read:user,repo,user:email,workflow...
2025-03-30 19:53:30.870 [info] Getting sessions for user:email...
2025-03-30 19:53:30.870 [info] Got 1 sessions for user:email...
