2025-03-31 18:43:59.402 [info] [main] Log level: Info
2025-03-31 18:43:59.402 [info] [main] Validating found git in: "git"
2025-03-31 18:43:59.402 [info] [main] Using git "2.49.0" from "git"
2025-03-31 18:43:59.402 [info] [Model][doInitialScan] Initial repository scan started
2025-03-31 18:43:59.402 [info] [Model][doInitialScan] Initial repository scan completed - repositories (0), closed repositories (0), parent repositories (0), unsafe repositories (0)
2025-03-31 18:44:08.802 [info] > git rev-parse --show-toplevel [10ms]
2025-03-31 18:44:08.802 [info] fatal: not a git repository (or any parent up to mount point /)
Stopping at filesystem boundary (GIT_DISCOVERY_ACROSS_FILESYSTEM not set).
2025-03-31 18:46:14.500 [info] > git rev-parse --show-toplevel [2ms]
2025-03-31 18:46:14.500 [info] fatal: not a git repository (or any parent up to mount point /)
Stopping at filesystem boundary (GIT_DISCOVERY_ACROSS_FILESYSTEM not set).
2025-03-31 18:46:31.224 [info] > git rev-parse --show-toplevel [4ms]
2025-03-31 18:46:31.224 [info] fatal: not a git repository (or any parent up to mount point /)
Stopping at filesystem boundary (GIT_DISCOVERY_ACROSS_FILESYSTEM not set).
2025-03-31 18:52:10.224 [info] > git rev-parse --show-toplevel [1ms]
2025-03-31 18:52:10.224 [info] fatal: not a git repository (or any parent up to mount point /)
Stopping at filesystem boundary (GIT_DISCOVERY_ACROSS_FILESYSTEM not set).
2025-03-31 19:00:33.408 [info] > git rev-parse --show-toplevel [2ms]
2025-03-31 19:00:33.408 [info] fatal: not a git repository (or any parent up to mount point /)
Stopping at filesystem boundary (GIT_DISCOVERY_ACROSS_FILESYSTEM not set).
2025-03-31 19:00:35.907 [info] > git rev-parse --show-toplevel [2ms]
2025-03-31 19:00:35.907 [info] fatal: not a git repository (or any parent up to mount point /)
Stopping at filesystem boundary (GIT_DISCOVERY_ACROSS_FILESYSTEM not set).
2025-03-31 19:04:41.769 [info] > git rev-parse --show-toplevel [3ms]
2025-03-31 19:04:41.769 [info] fatal: not a git repository (or any parent up to mount point /)
Stopping at filesystem boundary (GIT_DISCOVERY_ACROSS_FILESYSTEM not set).
