2025-03-31 19:44:30.643 [info] Reading sessions from keychain...
2025-03-31 19:44:30.643 [info] Getting sessions for all scopes...
2025-03-31 19:44:30.643 [info] Getting sessions for all scopes...
2025-03-31 19:44:30.671 [info] Getting sessions for all scopes...
2025-03-31 19:44:30.671 [info] Getting sessions for all scopes...
2025-03-31 19:44:30.671 [info] Getting sessions for all scopes...
2025-03-31 19:44:30.671 [info] Getting sessions for all scopes...
2025-03-31 19:44:30.671 [info] Getting sessions for all scopes...
2025-03-31 19:44:30.694 [info] Got stored sessions!
2025-03-31 19:44:30.694 [info] Got 2 verified sessions.
2025-03-31 19:44:30.694 [info] Got 2 sessions for ...
2025-03-31 19:44:30.694 [info] Got 2 sessions for ...
2025-03-31 19:44:30.694 [info] Got 2 sessions for ...
2025-03-31 19:44:30.694 [info] Got 2 sessions for ...
2025-03-31 19:44:30.694 [info] Got 2 sessions for ...
2025-03-31 19:44:30.694 [info] Got 2 sessions for ...
2025-03-31 19:44:30.694 [info] Got 2 sessions for ...
2025-03-31 19:44:30.828 [info] Getting sessions for all scopes...
2025-03-31 19:44:30.828 [info] Got 2 sessions for ...
2025-03-31 19:44:32.126 [info] Getting sessions for user:email...
2025-03-31 19:44:32.126 [info] Got 1 sessions for user:email...
2025-03-31 19:44:32.539 [info] Getting sessions for read:user,repo,user:email...
2025-03-31 19:44:32.539 [info] Got 0 sessions for read:user,repo,user:email...
2025-03-31 19:44:32.539 [info] Getting sessions for read:user,repo,user:email,workflow...
2025-03-31 19:44:32.539 [info] Got 1 sessions for read:user,repo,user:email,workflow...
2025-03-31 19:44:32.539 [info] Getting sessions for all scopes...
2025-03-31 19:44:32.539 [info] Got 2 sessions for ...
2025-03-31 19:44:32.539 [info] Getting sessions for all scopes...
2025-03-31 19:44:32.539 [info] Got 2 sessions for ...
2025-03-31 19:44:32.555 [info] Getting sessions for all scopes...
2025-03-31 19:44:32.555 [info] Got 2 sessions for ...
2025-03-31 19:44:32.599 [info] Getting sessions for read:user,repo,user:email,workflow...
2025-03-31 19:44:32.600 [info] Got 1 sessions for read:user,repo,user:email,workflow...
2025-03-31 19:44:32.604 [info] Getting sessions for all scopes...
2025-03-31 19:44:32.604 [info] Got 2 sessions for ...
2025-03-31 19:44:33.740 [info] Getting sessions for read:user,repo,user:email,workflow...
2025-03-31 19:44:33.740 [info] Got 1 sessions for read:user,repo,user:email,workflow...
2025-03-31 19:44:33.800 [info] Getting sessions for all scopes...
2025-03-31 19:44:33.800 [info] Got 2 sessions for ...
2025-03-31 19:44:33.803 [info] Getting sessions for read:user,repo,user:email,workflow...
2025-03-31 19:44:33.803 [info] Got 1 sessions for read:user,repo,user:email,workflow...
2025-03-31 19:44:34.041 [info] Getting sessions for all scopes...
2025-03-31 19:44:34.041 [info] Got 2 sessions for ...
2025-03-31 19:44:34.042 [info] Getting sessions for read:user,repo,user:email,workflow...
2025-03-31 19:44:34.042 [info] Got 1 sessions for read:user,repo,user:email,workflow...
2025-03-31 19:44:34.592 [info] Getting sessions for all scopes...
2025-03-31 19:44:34.592 [info] Got 2 sessions for ...
2025-03-31 19:44:34.592 [info] Getting sessions for all scopes...
2025-03-31 19:44:34.592 [info] Got 2 sessions for ...
2025-03-31 19:44:34.599 [info] Getting sessions for read:user,repo,user:email,workflow...
2025-03-31 19:44:34.599 [info] Got 1 sessions for read:user,repo,user:email,workflow...
2025-03-31 19:44:34.601 [info] Getting sessions for all scopes...
2025-03-31 19:44:34.601 [info] Got 2 sessions for ...
2025-03-31 19:44:34.601 [info] Getting sessions for read:user,repo,user:email,workflow...
2025-03-31 19:44:34.601 [info] Got 1 sessions for read:user,repo,user:email,workflow...
2025-03-31 19:44:34.655 [info] Getting sessions for all scopes...
2025-03-31 19:44:34.655 [info] Got 2 sessions for ...
2025-03-31 19:44:34.664 [info] Getting sessions for read:user,repo,user:email,workflow...
2025-03-31 19:44:34.664 [info] Got 1 sessions for read:user,repo,user:email,workflow...
2025-03-31 19:44:35.508 [info] Getting sessions for all scopes...
2025-03-31 19:44:35.508 [info] Got 2 sessions for ...
2025-03-31 19:44:35.509 [info] Getting sessions for read:user,repo,user:email,workflow...
2025-03-31 19:44:35.509 [info] Got 1 sessions for read:user,repo,user:email,workflow...
