2025-03-31 19:09:09.364 [info] Reading sessions from keychain...
2025-03-31 19:09:09.364 [info] Getting sessions for all scopes...
2025-03-31 19:09:09.364 [info] Getting sessions for all scopes...
2025-03-31 19:09:09.364 [info] Getting sessions for all scopes...
2025-03-31 19:09:09.364 [info] Getting sessions for all scopes...
2025-03-31 19:09:09.364 [info] Getting sessions for all scopes...
2025-03-31 19:09:09.364 [info] Getting sessions for all scopes...
2025-03-31 19:09:09.364 [info] Getting sessions for all scopes...
2025-03-31 19:09:09.464 [info] Got stored sessions!
2025-03-31 19:09:09.464 [info] Got 2 verified sessions.
2025-03-31 19:09:09.464 [info] Got 2 sessions for ...
2025-03-31 19:09:09.464 [info] Got 2 sessions for ...
2025-03-31 19:09:09.464 [info] Got 2 sessions for ...
2025-03-31 19:09:09.464 [info] Got 2 sessions for ...
2025-03-31 19:09:09.464 [info] Got 2 sessions for ...
2025-03-31 19:09:09.464 [info] Got 2 sessions for ...
2025-03-31 19:09:09.464 [info] Got 2 sessions for ...
2025-03-31 19:09:09.716 [info] Getting sessions for all scopes...
2025-03-31 19:09:09.716 [info] Got 2 sessions for ...
2025-03-31 19:09:11.493 [info] Getting sessions for user:email...
2025-03-31 19:09:11.493 [info] Got 1 sessions for user:email...
2025-03-31 19:09:11.981 [info] Getting sessions for all scopes...
2025-03-31 19:09:11.981 [info] Got 2 sessions for ...
2025-03-31 19:09:12.119 [info] Getting sessions for read:user,repo,user:email...
2025-03-31 19:09:12.119 [info] Got 0 sessions for read:user,repo,user:email...
2025-03-31 19:09:12.119 [info] Getting sessions for read:user,repo,user:email,workflow...
2025-03-31 19:09:12.119 [info] Got 1 sessions for read:user,repo,user:email,workflow...
2025-03-31 19:09:12.133 [info] Getting sessions for all scopes...
2025-03-31 19:09:12.133 [info] Got 2 sessions for ...
2025-03-31 19:09:12.133 [info] Getting sessions for all scopes...
2025-03-31 19:09:12.133 [info] Got 2 sessions for ...
2025-03-31 19:09:12.191 [info] Getting sessions for read:user,repo,user:email,workflow...
2025-03-31 19:09:12.191 [info] Got 1 sessions for read:user,repo,user:email,workflow...
2025-03-31 19:09:13.651 [info] Getting sessions for all scopes...
2025-03-31 19:09:13.651 [info] Got 2 sessions for ...
2025-03-31 19:09:13.822 [info] Getting sessions for read:user,repo,user:email,workflow...
2025-03-31 19:09:13.822 [info] Got 1 sessions for read:user,repo,user:email,workflow...
2025-03-31 19:09:13.884 [info] Getting sessions for all scopes...
2025-03-31 19:09:13.885 [info] Got 2 sessions for ...
2025-03-31 19:09:13.887 [info] Getting sessions for read:user,repo,user:email,workflow...
2025-03-31 19:09:13.887 [info] Got 1 sessions for read:user,repo,user:email,workflow...
2025-03-31 19:09:14.184 [info] Getting sessions for all scopes...
2025-03-31 19:09:14.184 [info] Got 2 sessions for ...
2025-03-31 19:09:14.185 [info] Getting sessions for read:user,repo,user:email,workflow...
2025-03-31 19:09:14.185 [info] Got 1 sessions for read:user,repo,user:email,workflow...
2025-03-31 19:09:14.626 [info] Getting sessions for all scopes...
2025-03-31 19:09:14.626 [info] Got 2 sessions for ...
2025-03-31 19:09:14.626 [info] Getting sessions for all scopes...
2025-03-31 19:09:14.626 [info] Got 2 sessions for ...
2025-03-31 19:09:14.637 [info] Getting sessions for read:user,repo,user:email,workflow...
2025-03-31 19:09:14.637 [info] Got 1 sessions for read:user,repo,user:email,workflow...
2025-03-31 19:09:14.640 [info] Getting sessions for all scopes...
2025-03-31 19:09:14.640 [info] Got 2 sessions for ...
2025-03-31 19:09:14.644 [info] Getting sessions for read:user,repo,user:email,workflow...
2025-03-31 19:09:14.644 [info] Got 1 sessions for read:user,repo,user:email,workflow...
2025-03-31 19:09:14.712 [info] Getting sessions for all scopes...
2025-03-31 19:09:14.712 [info] Got 2 sessions for ...
2025-03-31 19:09:14.714 [info] Getting sessions for read:user,repo,user:email,workflow...
2025-03-31 19:09:14.714 [info] Got 1 sessions for read:user,repo,user:email,workflow...
2025-03-31 19:09:15.760 [info] Getting sessions for all scopes...
2025-03-31 19:09:15.760 [info] Got 2 sessions for ...
2025-03-31 19:09:15.761 [info] Getting sessions for read:user,repo,user:email,workflow...
2025-03-31 19:09:15.761 [info] Got 1 sessions for read:user,repo,user:email,workflow...
