2025-03-30 19:32:39.418 [info] Reading sessions from keychain...
2025-03-30 19:32:39.418 [info] Getting sessions for all scopes...
2025-03-30 19:32:39.418 [info] Getting sessions for all scopes...
2025-03-30 19:32:39.422 [info] Getting sessions for all scopes...
2025-03-30 19:32:39.422 [info] Getting sessions for all scopes...
2025-03-30 19:32:39.422 [info] Getting sessions for all scopes...
2025-03-30 19:32:39.422 [info] Getting sessions for all scopes...
2025-03-30 19:32:39.422 [info] Getting sessions for all scopes...
2025-03-30 19:32:39.438 [info] Got stored sessions!
2025-03-30 19:32:39.438 [info] Got 1 verified sessions.
2025-03-30 19:32:39.438 [info] Got 1 sessions for ...
2025-03-30 19:32:39.438 [info] Got 1 sessions for ...
2025-03-30 19:32:39.438 [info] Got 1 sessions for ...
2025-03-30 19:32:39.438 [info] Got 1 sessions for ...
2025-03-30 19:32:39.438 [info] Got 1 sessions for ...
2025-03-30 19:32:39.438 [info] Got 1 sessions for ...
2025-03-30 19:32:39.438 [info] Got 1 sessions for ...
2025-03-30 19:32:41.589 [info] Getting sessions for all scopes...
2025-03-30 19:32:41.589 [info] Got 1 sessions for ...
2025-03-30 19:32:41.724 [info] Getting sessions for user:email...
2025-03-30 19:32:41.724 [info] Got 1 sessions for user:email...
2025-03-30 19:32:41.857 [info] Getting sessions for all scopes...
2025-03-30 19:32:41.857 [info] Got 1 sessions for ...
2025-03-30 19:32:42.782 [info] Getting sessions for read:user,repo,user:email...
2025-03-30 19:32:42.782 [info] Got 0 sessions for read:user,repo,user:email...
2025-03-30 19:32:42.783 [info] Getting sessions for read:user,repo,user:email,workflow...
2025-03-30 19:32:42.783 [info] Got 0 sessions for read:user,repo,user:email,workflow...
2025-03-30 19:32:42.798 [info] Getting sessions for all scopes...
2025-03-30 19:32:42.798 [info] Got 1 sessions for ...
2025-03-30 19:32:42.798 [info] Getting sessions for all scopes...
2025-03-30 19:32:42.798 [info] Got 1 sessions for ...
2025-03-30 19:32:43.116 [info] Getting sessions for read:user...
2025-03-30 19:32:43.116 [info] Got 0 sessions for read:user...
2025-03-30 19:32:43.116 [info] Getting sessions for read:user,repo,user:email,workflow...
2025-03-30 19:32:43.116 [info] Got 0 sessions for read:user,repo,user:email,workflow...
2025-03-30 19:32:43.218 [info] Getting sessions for user:email...
2025-03-30 19:32:43.218 [info] Got 1 sessions for user:email...
2025-03-30 19:32:43.219 [info] Getting sessions for user:email...
2025-03-30 19:32:43.219 [info] Got 1 sessions for user:email...
2025-03-30 19:32:43.219 [info] Getting sessions for read:user,repo,user:email,workflow...
2025-03-30 19:32:43.219 [info] Got 0 sessions for read:user,repo,user:email,workflow...
2025-03-30 19:32:43.659 [info] Getting sessions for all scopes...
2025-03-30 19:32:43.659 [info] Got 1 sessions for ...
2025-03-30 19:32:43.743 [info] Getting sessions for read:user,repo,user:email,workflow...
2025-03-30 19:32:43.743 [info] Got 0 sessions for read:user,repo,user:email,workflow...
2025-03-30 19:32:45.068 [info] Getting sessions for user:email...
2025-03-30 19:32:45.068 [info] Got 1 sessions for user:email...
2025-03-30 19:32:45.091 [info] Getting sessions for read:user,repo,user:email,workflow...
2025-03-30 19:32:45.091 [info] Got 0 sessions for read:user,repo,user:email,workflow...
2025-03-30 19:32:45.092 [info] Getting sessions for all scopes...
2025-03-30 19:32:45.092 [info] Got 1 sessions for ...
2025-03-30 19:32:45.107 [info] Getting sessions for read:user,repo,user:email,workflow...
2025-03-30 19:32:45.107 [info] Got 0 sessions for read:user,repo,user:email,workflow...
2025-03-30 19:32:45.108 [info] Getting sessions for user:email...
2025-03-30 19:32:45.108 [info] Got 1 sessions for user:email...
2025-03-30 19:32:45.751 [info] Getting sessions for all scopes...
2025-03-30 19:32:45.751 [info] Got 1 sessions for ...
2025-03-30 19:32:45.751 [info] Getting sessions for all scopes...
2025-03-30 19:32:45.751 [info] Got 1 sessions for ...
2025-03-30 19:32:45.764 [info] Getting sessions for read:user,repo,user:email,workflow...
2025-03-30 19:32:45.764 [info] Got 0 sessions for read:user,repo,user:email,workflow...
2025-03-30 19:32:45.765 [info] Getting sessions for user:email...
2025-03-30 19:32:45.765 [info] Got 1 sessions for user:email...
2025-03-30 19:32:45.765 [info] Getting sessions for read:user,repo,user:email,workflow...
2025-03-30 19:32:45.765 [info] Got 0 sessions for read:user,repo,user:email,workflow...
2025-03-30 19:32:45.767 [info] Getting sessions for all scopes...
2025-03-30 19:32:45.767 [info] Got 1 sessions for ...
2025-03-30 19:32:45.768 [info] Getting sessions for read:user,repo,user:email,workflow...
2025-03-30 19:32:45.768 [info] Got 0 sessions for read:user,repo,user:email,workflow...
2025-03-30 19:32:45.769 [info] Getting sessions for user:email...
2025-03-30 19:32:45.769 [info] Got 1 sessions for user:email...
2025-03-30 19:32:45.853 [info] Getting sessions for all scopes...
2025-03-30 19:32:45.853 [info] Got 1 sessions for ...
2025-03-30 19:32:45.858 [info] Getting sessions for all scopes...
2025-03-30 19:32:45.858 [info] Got 1 sessions for ...
2025-03-30 19:32:45.867 [info] Getting sessions for read:user,repo,user:email,workflow...
2025-03-30 19:32:45.867 [info] Got 0 sessions for read:user,repo,user:email,workflow...
2025-03-30 19:32:45.876 [info] Getting sessions for user:email...
2025-03-30 19:32:45.876 [info] Got 1 sessions for user:email...
2025-03-30 19:32:45.877 [info] Getting sessions for read:user,repo,user:email,workflow...
2025-03-30 19:32:45.877 [info] Got 0 sessions for read:user,repo,user:email,workflow...
2025-03-30 19:32:46.071 [info] Getting sessions for all scopes...
2025-03-30 19:32:46.071 [info] Got 1 sessions for ...
2025-03-30 19:32:46.076 [info] Getting sessions for read:user,repo,user:email,workflow...
2025-03-30 19:32:46.076 [info] Got 0 sessions for read:user,repo,user:email,workflow...
2025-03-30 19:32:46.077 [info] Getting sessions for user:email...
2025-03-30 19:32:46.077 [info] Got 1 sessions for user:email...
2025-03-30 19:32:46.891 [info] Getting sessions for all scopes...
2025-03-30 19:32:46.891 [info] Got 1 sessions for ...
2025-03-30 19:32:46.922 [info] Getting sessions for read:user,repo,user:email,workflow...
2025-03-30 19:32:46.922 [info] Got 0 sessions for read:user,repo,user:email,workflow...
2025-03-30 19:32:46.923 [info] Getting sessions for user:email...
2025-03-30 19:32:46.923 [info] Got 1 sessions for user:email...
2025-03-30 19:32:56.105 [info] Getting sessions for all scopes...
2025-03-30 19:32:56.105 [info] Got 1 sessions for ...
2025-03-30 19:32:56.106 [info] Getting sessions for read:user,repo,user:email,workflow...
2025-03-30 19:32:56.106 [info] Got 0 sessions for read:user,repo,user:email,workflow...
2025-03-30 19:32:56.110 [info] Getting sessions for user:email...
2025-03-30 19:32:56.110 [info] Got 1 sessions for user:email...
2025-03-30 19:32:56.545 [info] Getting sessions for all scopes...
2025-03-30 19:32:56.545 [info] Got 1 sessions for ...
2025-03-30 19:32:56.573 [info] Getting sessions for read:user,repo,user:email,workflow...
2025-03-30 19:32:56.573 [info] Got 0 sessions for read:user,repo,user:email,workflow...
2025-03-30 19:32:56.575 [info] Getting sessions for user:email...
2025-03-30 19:32:56.575 [info] Got 1 sessions for user:email...
2025-03-30 19:32:57.701 [info] Getting sessions for all scopes...
2025-03-30 19:32:57.701 [info] Got 1 sessions for ...
2025-03-30 19:32:57.711 [info] Getting sessions for read:user,repo,user:email,workflow...
2025-03-30 19:32:57.711 [info] Got 0 sessions for read:user,repo,user:email,workflow...
2025-03-30 19:32:57.712 [info] Getting sessions for user:email...
2025-03-30 19:32:57.712 [info] Got 1 sessions for user:email...
