2025-03-30 19:59:07.071 [info] [main] Log level: Info
2025-03-30 19:59:07.071 [info] [main] Validating found git in: "git"
2025-03-30 19:59:07.071 [info] [main] Using git "2.49.0" from "git"
2025-03-30 19:59:07.071 [info] [Model][doInitialScan] Initial repository scan started
2025-03-30 19:59:07.071 [info] > git rev-parse --show-toplevel [12ms]
2025-03-30 19:59:07.071 [info] fatal: not a git repository (or any parent up to mount point /)
Stopping at filesystem boundary (GIT_DISCOVERY_ACROSS_FILESYSTEM not set).
2025-03-30 19:59:07.071 [info] [Model][doInitialScan] Initial repository scan completed - repositories (0), closed repositories (0), parent repositories (0), unsafe repositories (0)
2025-03-30 20:00:10.722 [info] > git rev-parse --show-toplevel [5ms]
2025-03-30 20:00:10.722 [info] fatal: not a git repository (or any parent up to mount point /)
Stopping at filesystem boundary (GIT_DISCOVERY_ACROSS_FILESYSTEM not set).
2025-03-30 20:01:15.000 [info] > git rev-parse --show-toplevel [5ms]
2025-03-30 20:01:15.000 [info] fatal: not a git repository (or any parent up to mount point /)
Stopping at filesystem boundary (GIT_DISCOVERY_ACROSS_FILESYSTEM not set).
2025-03-30 20:01:22.146 [info] > git rev-parse --show-toplevel [3ms]
2025-03-30 20:01:22.146 [info] fatal: not a git repository (or any parent up to mount point /)
Stopping at filesystem boundary (GIT_DISCOVERY_ACROSS_FILESYSTEM not set).
2025-03-30 20:05:17.719 [info] > git rev-parse --show-toplevel [5ms]
2025-03-30 20:05:17.719 [info] fatal: not a git repository (or any parent up to mount point /)
Stopping at filesystem boundary (GIT_DISCOVERY_ACROSS_FILESYSTEM not set).
2025-03-30 20:05:41.699 [info] > git rev-parse --show-toplevel [4ms]
2025-03-30 20:05:41.699 [info] fatal: not a git repository (or any parent up to mount point /)
Stopping at filesystem boundary (GIT_DISCOVERY_ACROSS_FILESYSTEM not set).
2025-03-30 20:10:57.573 [info] > git rev-parse --show-toplevel [4ms]
2025-03-30 20:10:57.574 [info] fatal: not a git repository (or any parent up to mount point /)
Stopping at filesystem boundary (GIT_DISCOVERY_ACROSS_FILESYSTEM not set).
2025-03-30 20:11:34.328 [info] > git rev-parse --show-toplevel [4ms]
2025-03-30 20:11:34.328 [info] fatal: not a git repository (or any parent up to mount point /)
Stopping at filesystem boundary (GIT_DISCOVERY_ACROSS_FILESYSTEM not set).
2025-03-30 20:17:44.182 [info] > git rev-parse --show-toplevel [3ms]
2025-03-30 20:17:44.182 [info] fatal: not a git repository (or any parent up to mount point /)
Stopping at filesystem boundary (GIT_DISCOVERY_ACROSS_FILESYSTEM not set).
2025-03-30 20:18:49.165 [info] > git rev-parse --show-toplevel [2ms]
2025-03-30 20:18:49.165 [info] fatal: not a git repository (or any parent up to mount point /)
Stopping at filesystem boundary (GIT_DISCOVERY_ACROSS_FILESYSTEM not set).
