2025-03-31 19:18:05.770 [info] [AutoSync] Using settings sync service https://vscode-sync.trafficmanager.net/
2025-03-31 19:18:05.770 [info] [AutoSync] Enabled.
2025-03-31 19:18:05.770 [info] [AutoSync] Suspended until auth token is available.
2025-03-31 19:18:06.798 [info] [AutoSync] Triggered by Interval
2025-03-31 19:18:06.798 [info] Sync started.
2025-03-31 19:18:08.124 [info] Settings: No changes found during synchronizing settings.
2025-03-31 19:18:08.134 [info] Keybindings: No changes found during synchronizing keybindings.
2025-03-31 19:18:08.143 [info] Snippets: No changes found during synchronizing snippets.
2025-03-31 19:18:08.146 [info] Tasks: No changes found during synchronizing tasks.
2025-03-31 19:18:08.153 [info] GlobalState: No changes found during synchronizing ui state.
2025-03-31 19:18:08.186 [info] Extensions: No changes found during synchronizing extensions.
2025-03-31 19:18:08.188 [info] Profiles: No changes found during synchronizing profiles.
2025-03-31 19:18:08.190 [info] Sync done. Took 1394ms
2025-03-31 19:18:23.188 [info] [AutoSync] Triggered by Activity
2025-03-31 19:18:23.189 [info] Sync started.
2025-03-31 19:18:23.472 [info] Settings: No changes found during synchronizing settings.
2025-03-31 19:18:23.477 [info] Keybindings: No changes found during synchronizing keybindings.
2025-03-31 19:18:23.488 [info] Snippets: No changes found during synchronizing snippets.
2025-03-31 19:18:23.491 [info] Tasks: No changes found during synchronizing tasks.
2025-03-31 19:18:23.496 [info] GlobalState: No changes found during synchronizing ui state.
2025-03-31 19:18:23.537 [info] Extensions: No changes found during synchronizing extensions.
2025-03-31 19:18:23.539 [info] Profiles: No changes found during synchronizing profiles.
2025-03-31 19:18:23.540 [info] Sync done. Took 353ms
2025-03-31 19:18:33.465 [info] [AutoSync] Triggered by Activity
2025-03-31 19:18:33.466 [info] Sync started.
2025-03-31 19:18:33.768 [info] Settings: No changes found during synchronizing settings.
2025-03-31 19:18:33.771 [info] Keybindings: No changes found during synchronizing keybindings.
2025-03-31 19:18:33.777 [info] Snippets: No changes found during synchronizing snippets.
2025-03-31 19:18:33.780 [info] Tasks: No changes found during synchronizing tasks.
2025-03-31 19:18:33.785 [info] GlobalState: No changes found during synchronizing ui state.
2025-03-31 19:18:33.824 [info] Extensions: No changes found during synchronizing extensions.
2025-03-31 19:18:33.825 [info] Profiles: No changes found during synchronizing profiles.
2025-03-31 19:18:33.827 [info] Sync done. Took 363ms
2025-03-31 19:18:46.155 [info] [AutoSync] Triggered by Activity
2025-03-31 19:18:46.156 [info] Sync started.
2025-03-31 19:18:46.466 [info] Settings: No changes found during synchronizing settings.
2025-03-31 19:18:46.471 [info] Keybindings: No changes found during synchronizing keybindings.
2025-03-31 19:18:46.480 [info] Snippets: No changes found during synchronizing snippets.
2025-03-31 19:18:46.483 [info] Tasks: No changes found during synchronizing tasks.
2025-03-31 19:18:46.487 [info] GlobalState: No changes found during synchronizing ui state.
2025-03-31 19:18:46.527 [info] Extensions: No changes found during synchronizing extensions.
2025-03-31 19:18:46.529 [info] Profiles: No changes found during synchronizing profiles.
2025-03-31 19:18:46.530 [info] Sync done. Took 375ms
2025-03-31 19:18:57.321 [info] [AutoSync] Triggered by Activity
2025-03-31 19:18:57.322 [info] Sync started.
2025-03-31 19:18:57.730 [info] Settings: No changes found during synchronizing settings.
2025-03-31 19:18:57.734 [info] Keybindings: No changes found during synchronizing keybindings.
2025-03-31 19:18:57.744 [info] Snippets: No changes found during synchronizing snippets.
2025-03-31 19:18:57.747 [info] Tasks: No changes found during synchronizing tasks.
2025-03-31 19:18:57.751 [info] GlobalState: No changes found during synchronizing ui state.
2025-03-31 19:18:57.792 [info] Extensions: No changes found during synchronizing extensions.
2025-03-31 19:18:57.793 [info] Profiles: No changes found during synchronizing profiles.
2025-03-31 19:18:57.794 [info] Sync done. Took 474ms
2025-03-31 19:19:07.811 [info] [AutoSync] Triggered by Activity
2025-03-31 19:19:07.812 [info] Sync started.
2025-03-31 19:19:08.074 [info] Settings: No changes found during synchronizing settings.
2025-03-31 19:19:08.078 [info] Keybindings: No changes found during synchronizing keybindings.
2025-03-31 19:19:08.088 [info] Snippets: No changes found during synchronizing snippets.
2025-03-31 19:19:08.091 [info] Tasks: No changes found during synchronizing tasks.
2025-03-31 19:19:08.096 [info] GlobalState: No changes found during synchronizing ui state.
2025-03-31 19:19:08.136 [info] Extensions: No changes found during synchronizing extensions.
2025-03-31 19:19:08.137 [info] Profiles: No changes found during synchronizing profiles.
2025-03-31 19:19:08.138 [info] Sync done. Took 328ms
2025-03-31 19:19:36.838 [info] [AutoSync] Triggered by Activity
2025-03-31 19:19:36.839 [info] Sync started.
2025-03-31 19:19:37.081 [info] Settings: No changes found during synchronizing settings.
2025-03-31 19:19:37.085 [info] Keybindings: No changes found during synchronizing keybindings.
2025-03-31 19:19:37.094 [info] Snippets: No changes found during synchronizing snippets.
2025-03-31 19:19:37.097 [info] Tasks: No changes found during synchronizing tasks.
2025-03-31 19:19:37.102 [info] GlobalState: No changes found during synchronizing ui state.
2025-03-31 19:19:37.141 [info] Extensions: No changes found during synchronizing extensions.
2025-03-31 19:19:37.142 [info] Profiles: No changes found during synchronizing profiles.
2025-03-31 19:19:37.143 [info] Sync done. Took 308ms
2025-03-31 19:19:49.235 [info] [AutoSync] Triggered by Activity
2025-03-31 19:19:49.236 [info] Sync started.
2025-03-31 19:19:49.458 [info] Settings: No changes found during synchronizing settings.
2025-03-31 19:19:49.461 [info] Keybindings: No changes found during synchronizing keybindings.
2025-03-31 19:19:49.470 [info] Snippets: No changes found during synchronizing snippets.
2025-03-31 19:19:49.473 [info] Tasks: No changes found during synchronizing tasks.
2025-03-31 19:19:49.477 [info] GlobalState: No changes found during synchronizing ui state.
2025-03-31 19:19:49.507 [info] Extensions: No changes found during synchronizing extensions.
2025-03-31 19:19:49.511 [info] Profiles: No changes found during synchronizing profiles.
2025-03-31 19:19:49.513 [info] Sync done. Took 279ms
2025-03-31 19:22:13.153 [info] [AutoSync] Triggered by Activity
2025-03-31 19:22:13.153 [info] Sync started.
2025-03-31 19:22:14.041 [info] Settings: No changes found during synchronizing settings.
2025-03-31 19:22:14.045 [info] Keybindings: No changes found during synchronizing keybindings.
2025-03-31 19:22:14.053 [info] Snippets: No changes found during synchronizing snippets.
2025-03-31 19:22:14.055 [info] Tasks: No changes found during synchronizing tasks.
2025-03-31 19:22:14.060 [info] GlobalState: No changes found during synchronizing ui state.
2025-03-31 19:22:14.096 [info] Extensions: No changes found during synchronizing extensions.
2025-03-31 19:22:14.098 [info] Profiles: No changes found during synchronizing profiles.
2025-03-31 19:22:14.100 [info] Sync done. Took 949ms
2025-03-31 19:22:30.863 [info] [AutoSync] Triggered by Activity
2025-03-31 19:22:30.863 [info] Sync started.
2025-03-31 19:22:31.059 [info] Settings: No changes found during synchronizing settings.
2025-03-31 19:22:31.061 [info] Keybindings: No changes found during synchronizing keybindings.
2025-03-31 19:22:31.067 [info] Snippets: No changes found during synchronizing snippets.
2025-03-31 19:22:31.070 [info] Tasks: No changes found during synchronizing tasks.
2025-03-31 19:22:31.915 [info] GlobalState: Updated remote ui state. Updated: extensions.trustedPublishers.
2025-03-31 19:22:31.920 [info] GlobalState: Updated last synchronized ui state
2025-03-31 19:22:31.956 [info] Extensions: No changes found during synchronizing extensions.
2025-03-31 19:22:31.957 [info] Profiles: No changes found during synchronizing profiles.
2025-03-31 19:22:31.958 [info] Sync done. Took 1096ms
2025-03-31 19:22:37.242 [info] [AutoSync] Triggered by Activity
2025-03-31 19:22:37.242 [info] Sync started.
2025-03-31 19:22:37.701 [info] Settings: Updated remote settings
2025-03-31 19:22:37.709 [info] Settings: Updated last synchronized settings
2025-03-31 19:22:37.713 [info] Keybindings: No changes found during synchronizing keybindings.
2025-03-31 19:22:37.720 [info] Snippets: No changes found during synchronizing snippets.
2025-03-31 19:22:37.722 [info] Tasks: No changes found during synchronizing tasks.
2025-03-31 19:22:38.449 [info] GlobalState: Updated remote ui state. Updated: colorThemeData.
2025-03-31 19:22:38.455 [info] GlobalState: Updated last synchronized ui state
2025-03-31 19:22:38.768 [info] Extensions: Updated remote extensions. Added: ["dracula-theme.theme-dracula"].
2025-03-31 19:22:38.775 [info] Extensions: Updated last synchronized extensions.
2025-03-31 19:22:38.777 [info] Profiles: No changes found during synchronizing profiles.
2025-03-31 19:22:38.779 [info] Sync done. Took 1538ms
2025-03-31 19:22:47.138 [info] [AutoSync] Triggered by Activity
2025-03-31 19:22:47.139 [info] Sync started.
2025-03-31 19:22:47.626 [info] Settings: Updated remote settings
2025-03-31 19:22:47.634 [info] Settings: Updated last synchronized settings
2025-03-31 19:22:47.638 [info] Keybindings: No changes found during synchronizing keybindings.
2025-03-31 19:22:47.648 [info] Snippets: No changes found during synchronizing snippets.
2025-03-31 19:22:47.650 [info] Tasks: No changes found during synchronizing tasks.
2025-03-31 19:22:48.439 [info] GlobalState: Updated remote ui state. Updated: colorThemeData,extensions.trustedPublishers.
2025-03-31 19:22:48.446 [info] GlobalState: Updated last synchronized ui state
2025-03-31 19:22:48.751 [info] Extensions: Updated remote extensions. Added: ["whizkydee.material-palenight-theme"].
2025-03-31 19:22:48.757 [info] Extensions: Updated last synchronized extensions.
2025-03-31 19:22:48.759 [info] Profiles: No changes found during synchronizing profiles.
2025-03-31 19:22:48.760 [info] Sync done. Took 1623ms
