2025-03-30 18:44:01.749 [info] Reading sessions from keychain...
2025-03-30 18:44:01.749 [info] Getting sessions for all scopes...
2025-03-30 18:44:01.749 [info] Getting sessions for all scopes...
2025-03-30 18:44:01.749 [info] Got stored sessions!
2025-03-30 18:44:01.749 [info] Got 1 verified sessions.
2025-03-30 18:44:01.749 [info] Got 1 sessions for ...
2025-03-30 18:44:01.749 [info] Got 1 sessions for ...
2025-03-30 18:44:01.801 [info] Getting sessions for all scopes...
2025-03-30 18:44:01.801 [info] Got 1 sessions for ...
2025-03-30 18:44:01.801 [info] Getting sessions for all scopes...
2025-03-30 18:44:01.801 [info] Got 1 sessions for ...
2025-03-30 18:44:01.801 [info] Getting sessions for all scopes...
2025-03-30 18:44:01.801 [info] Got 1 sessions for ...
2025-03-30 18:44:01.802 [info] Getting sessions for all scopes...
2025-03-30 18:44:01.802 [info] Got 1 sessions for ...
2025-03-30 18:44:01.802 [info] Getting sessions for all scopes...
2025-03-30 18:44:01.802 [info] Got 1 sessions for ...
2025-03-30 18:44:02.118 [info] Getting sessions for user:email...
2025-03-30 18:44:02.118 [info] Got 1 sessions for user:email...
2025-03-30 18:44:04.681 [info] Getting sessions for all scopes...
2025-03-30 18:44:04.681 [info] Got 1 sessions for ...
2025-03-30 18:44:05.295 [info] Getting sessions for read:user,repo,user:email...
2025-03-30 18:44:05.295 [info] Got 0 sessions for read:user,repo,user:email...
2025-03-30 18:44:05.306 [info] Getting sessions for read:user,repo,user:email,workflow...
2025-03-30 18:44:05.306 [info] Got 0 sessions for read:user,repo,user:email,workflow...
2025-03-30 18:44:05.358 [info] Getting sessions for all scopes...
2025-03-30 18:44:05.358 [info] Got 1 sessions for ...
2025-03-30 18:44:05.358 [info] Getting sessions for all scopes...
2025-03-30 18:44:05.358 [info] Got 1 sessions for ...
2025-03-30 18:44:05.518 [info] Getting sessions for read:user...
2025-03-30 18:44:05.518 [info] Got 0 sessions for read:user...
2025-03-30 18:44:05.518 [info] Getting sessions for read:user,repo,user:email,workflow...
2025-03-30 18:44:05.518 [info] Got 0 sessions for read:user,repo,user:email,workflow...
2025-03-30 18:44:05.599 [info] Getting sessions for user:email...
2025-03-30 18:44:05.599 [info] Got 1 sessions for user:email...
2025-03-30 18:44:05.676 [info] Getting sessions for user:email...
2025-03-30 18:44:05.676 [info] Got 1 sessions for user:email...
2025-03-30 18:44:05.688 [info] Getting sessions for read:user,repo,user:email,workflow...
2025-03-30 18:44:05.688 [info] Got 0 sessions for read:user,repo,user:email,workflow...
2025-03-30 18:44:05.958 [info] Getting sessions for all scopes...
2025-03-30 18:44:05.958 [info] Got 1 sessions for ...
2025-03-30 18:44:07.239 [info] Getting sessions for read:user,repo,user:email,workflow...
2025-03-30 18:44:07.239 [info] Got 0 sessions for read:user,repo,user:email,workflow...
2025-03-30 18:44:07.297 [info] Getting sessions for read:user,repo,user:email,workflow...
2025-03-30 18:44:07.297 [info] Got 0 sessions for read:user,repo,user:email,workflow...
2025-03-30 18:44:07.303 [info] Getting sessions for user:email...
2025-03-30 18:44:07.303 [info] Got 1 sessions for user:email...
2025-03-30 18:44:07.323 [info] Getting sessions for all scopes...
2025-03-30 18:44:07.323 [info] Got 1 sessions for ...
2025-03-30 18:44:07.324 [info] Getting sessions for read:user,repo,user:email,workflow...
2025-03-30 18:44:07.324 [info] Got 0 sessions for read:user,repo,user:email,workflow...
2025-03-30 18:44:07.325 [info] Getting sessions for user:email...
2025-03-30 18:44:07.325 [info] Got 1 sessions for user:email...
2025-03-30 18:44:07.978 [info] Getting sessions for all scopes...
2025-03-30 18:44:07.978 [info] Got 1 sessions for ...
2025-03-30 18:44:07.978 [info] Getting sessions for all scopes...
2025-03-30 18:44:07.978 [info] Got 1 sessions for ...
2025-03-30 18:44:07.989 [info] Getting sessions for read:user,repo,user:email,workflow...
2025-03-30 18:44:07.989 [info] Got 0 sessions for read:user,repo,user:email,workflow...
2025-03-30 18:44:07.990 [info] Getting sessions for user:email...
2025-03-30 18:44:07.990 [info] Got 1 sessions for user:email...
2025-03-30 18:44:07.990 [info] Getting sessions for read:user,repo,user:email,workflow...
2025-03-30 18:44:07.990 [info] Got 0 sessions for read:user,repo,user:email,workflow...
2025-03-30 18:44:07.992 [info] Getting sessions for all scopes...
2025-03-30 18:44:07.992 [info] Got 1 sessions for ...
2025-03-30 18:44:07.993 [info] Getting sessions for read:user,repo,user:email,workflow...
2025-03-30 18:44:07.993 [info] Got 0 sessions for read:user,repo,user:email,workflow...
2025-03-30 18:44:07.994 [info] Getting sessions for user:email...
2025-03-30 18:44:07.994 [info] Got 1 sessions for user:email...
2025-03-30 18:44:08.079 [info] Getting sessions for all scopes...
2025-03-30 18:44:08.079 [info] Got 1 sessions for ...
2025-03-30 18:44:08.080 [info] Getting sessions for all scopes...
2025-03-30 18:44:08.080 [info] Got 1 sessions for ...
2025-03-30 18:44:08.151 [info] Getting sessions for read:user,repo,user:email,workflow...
2025-03-30 18:44:08.151 [info] Got 0 sessions for read:user,repo,user:email,workflow...
2025-03-30 18:44:08.151 [info] Getting sessions for user:email...
2025-03-30 18:44:08.151 [info] Got 1 sessions for user:email...
2025-03-30 18:44:08.151 [info] Getting sessions for read:user,repo,user:email,workflow...
2025-03-30 18:44:08.151 [info] Got 0 sessions for read:user,repo,user:email,workflow...
2025-03-30 18:44:08.157 [info] Getting sessions for all scopes...
2025-03-30 18:44:08.157 [info] Got 1 sessions for ...
2025-03-30 18:44:08.158 [info] Getting sessions for read:user,repo,user:email,workflow...
2025-03-30 18:44:08.158 [info] Got 0 sessions for read:user,repo,user:email,workflow...
2025-03-30 18:44:08.159 [info] Getting sessions for user:email...
2025-03-30 18:44:08.159 [info] Got 1 sessions for user:email...
2025-03-30 18:44:09.347 [info] Getting sessions for all scopes...
2025-03-30 18:44:09.347 [info] Got 1 sessions for ...
2025-03-30 18:44:09.351 [info] Getting sessions for read:user,repo,user:email,workflow...
2025-03-30 18:44:09.351 [info] Got 0 sessions for read:user,repo,user:email,workflow...
2025-03-30 18:44:09.352 [info] Getting sessions for user:email...
2025-03-30 18:44:09.352 [info] Got 1 sessions for user:email...
2025-03-30 18:45:11.577 [info] Getting sessions for all scopes...
2025-03-30 18:45:11.577 [info] Got 1 sessions for ...
2025-03-30 18:45:11.579 [info] Getting sessions for read:user,repo,user:email,workflow...
2025-03-30 18:45:11.579 [info] Got 0 sessions for read:user,repo,user:email,workflow...
2025-03-30 18:45:11.579 [info] Getting sessions for user:email...
2025-03-30 18:45:11.579 [info] Got 1 sessions for user:email...
2025-03-30 18:45:12.008 [info] Getting sessions for all scopes...
2025-03-30 18:45:12.008 [info] Got 1 sessions for ...
2025-03-30 18:45:12.043 [info] Getting sessions for read:user,repo,user:email,workflow...
2025-03-30 18:45:12.043 [info] Got 0 sessions for read:user,repo,user:email,workflow...
2025-03-30 18:45:12.044 [info] Getting sessions for user:email...
2025-03-30 18:45:12.044 [info] Got 1 sessions for user:email...
2025-03-30 18:45:14.269 [info] Getting sessions for all scopes...
2025-03-30 18:45:14.269 [info] Got 1 sessions for ...
2025-03-30 18:45:14.280 [info] Getting sessions for read:user,repo,user:email,workflow...
2025-03-30 18:45:14.280 [info] Got 0 sessions for read:user,repo,user:email,workflow...
2025-03-30 18:45:14.281 [info] Getting sessions for user:email...
2025-03-30 18:45:14.281 [info] Got 1 sessions for user:email...
2025-03-30 18:49:42.449 [info] Getting sessions for all scopes...
2025-03-30 18:49:42.449 [info] Got 1 sessions for ...
2025-03-30 18:49:42.456 [info] Getting sessions for read:user,repo,user:email,workflow...
2025-03-30 18:49:42.456 [info] Got 0 sessions for read:user,repo,user:email,workflow...
2025-03-30 18:49:42.464 [info] Getting sessions for user:email...
2025-03-30 18:49:42.464 [info] Got 1 sessions for user:email...
2025-03-30 18:49:43.440 [info] Getting sessions for all scopes...
2025-03-30 18:49:43.440 [info] Got 1 sessions for ...
2025-03-30 18:49:43.442 [info] Getting sessions for read:user,repo,user:email,workflow...
2025-03-30 18:49:43.442 [info] Got 0 sessions for read:user,repo,user:email,workflow...
2025-03-30 18:49:43.443 [info] Getting sessions for user:email...
2025-03-30 18:49:43.443 [info] Got 1 sessions for user:email...
2025-03-30 18:49:44.031 [info] Getting sessions for all scopes...
2025-03-30 18:49:44.031 [info] Got 1 sessions for ...
2025-03-30 18:49:44.039 [info] Getting sessions for read:user,repo,user:email,workflow...
2025-03-30 18:49:44.039 [info] Got 0 sessions for read:user,repo,user:email,workflow...
2025-03-30 18:49:44.043 [info] Getting sessions for user:email...
2025-03-30 18:49:44.043 [info] Got 1 sessions for user:email...
2025-03-30 18:59:09.354 [info] Getting sessions for all scopes...
2025-03-30 18:59:09.354 [info] Got 1 sessions for ...
2025-03-30 18:59:09.359 [info] Getting sessions for read:user,repo,user:email,workflow...
2025-03-30 18:59:09.359 [info] Got 0 sessions for read:user,repo,user:email,workflow...
2025-03-30 18:59:09.360 [info] Getting sessions for user:email...
2025-03-30 18:59:09.360 [info] Got 1 sessions for user:email...
2025-03-30 18:59:09.361 [info] Getting sessions for all scopes...
2025-03-30 18:59:09.362 [info] Got 1 sessions for ...
2025-03-30 18:59:09.363 [info] Getting sessions for read:user,repo,user:email,workflow...
2025-03-30 18:59:09.363 [info] Got 0 sessions for read:user,repo,user:email,workflow...
2025-03-30 18:59:09.364 [info] Getting sessions for user:email...
2025-03-30 18:59:09.364 [info] Got 1 sessions for user:email...
2025-03-30 19:09:23.472 [info] Getting sessions for read:user,repo,user:email,workflow...
2025-03-30 19:09:23.472 [info] Got 0 sessions for read:user,repo,user:email,workflow...
2025-03-30 19:09:23.473 [info] Getting sessions for read:user...
2025-03-30 19:09:23.473 [info] Got 0 sessions for read:user...
2025-03-30 19:09:23.474 [info] Getting sessions for user:email...
2025-03-30 19:09:23.474 [info] Got 1 sessions for user:email...
2025-03-30 19:10:56.914 [info] Getting sessions for all scopes...
2025-03-30 19:10:56.914 [info] Got 1 sessions for ...
2025-03-30 19:10:56.915 [info] Getting sessions for read:user,repo,user:email,workflow...
2025-03-30 19:10:56.915 [info] Got 0 sessions for read:user,repo,user:email,workflow...
2025-03-30 19:10:56.916 [info] Getting sessions for user:email...
2025-03-30 19:10:56.916 [info] Got 1 sessions for user:email...
2025-03-30 19:10:56.917 [info] Getting sessions for all scopes...
2025-03-30 19:10:56.917 [info] Got 1 sessions for ...
2025-03-30 19:10:56.919 [info] Getting sessions for read:user,repo,user:email,workflow...
2025-03-30 19:10:56.919 [info] Got 0 sessions for read:user,repo,user:email,workflow...
2025-03-30 19:10:56.919 [info] Getting sessions for user:email...
2025-03-30 19:10:56.919 [info] Got 1 sessions for user:email...
2025-03-30 19:10:57.647 [info] Getting sessions for all scopes...
2025-03-30 19:10:57.647 [info] Got 1 sessions for ...
2025-03-30 19:10:57.647 [info] Getting sessions for all scopes...
2025-03-30 19:10:57.647 [info] Got 1 sessions for ...
2025-03-30 19:10:57.650 [info] Getting sessions for read:user,repo,user:email,workflow...
2025-03-30 19:10:57.650 [info] Got 0 sessions for read:user,repo,user:email,workflow...
2025-03-30 19:10:57.650 [info] Getting sessions for user:email...
2025-03-30 19:10:57.650 [info] Got 1 sessions for user:email...
2025-03-30 19:10:57.650 [info] Getting sessions for read:user,repo,user:email,workflow...
2025-03-30 19:10:57.650 [info] Got 0 sessions for read:user,repo,user:email,workflow...
2025-03-30 19:10:57.651 [info] Getting sessions for all scopes...
2025-03-30 19:10:57.651 [info] Got 1 sessions for ...
2025-03-30 19:10:57.652 [info] Getting sessions for read:user,repo,user:email,workflow...
2025-03-30 19:10:57.652 [info] Got 0 sessions for read:user,repo,user:email,workflow...
2025-03-30 19:10:57.653 [info] Getting sessions for user:email...
2025-03-30 19:10:57.653 [info] Got 1 sessions for user:email...
2025-03-30 19:10:57.655 [info] Getting sessions for all scopes...
2025-03-30 19:10:57.655 [info] Got 1 sessions for ...
2025-03-30 19:10:57.655 [info] Getting sessions for all scopes...
2025-03-30 19:10:57.655 [info] Got 1 sessions for ...
2025-03-30 19:10:57.655 [info] Getting sessions for read:user,repo,user:email,workflow...
2025-03-30 19:10:57.655 [info] Got 0 sessions for read:user,repo,user:email,workflow...
2025-03-30 19:10:57.656 [info] Getting sessions for user:email...
2025-03-30 19:10:57.656 [info] Got 1 sessions for user:email...
2025-03-30 19:10:57.656 [info] Getting sessions for read:user,repo,user:email,workflow...
2025-03-30 19:10:57.656 [info] Got 0 sessions for read:user,repo,user:email,workflow...
2025-03-30 19:10:57.658 [info] Getting sessions for all scopes...
2025-03-30 19:10:57.658 [info] Got 1 sessions for ...
2025-03-30 19:10:57.659 [info] Getting sessions for read:user,repo,user:email,workflow...
2025-03-30 19:10:57.659 [info] Got 0 sessions for read:user,repo,user:email,workflow...
2025-03-30 19:10:57.659 [info] Getting sessions for user:email...
2025-03-30 19:10:57.659 [info] Got 1 sessions for user:email...
2025-03-30 19:10:58.679 [info] Getting sessions for all scopes...
2025-03-30 19:10:58.679 [info] Got 1 sessions for ...
2025-03-30 19:10:58.680 [info] Getting sessions for read:user,repo,user:email,workflow...
2025-03-30 19:10:58.680 [info] Got 0 sessions for read:user,repo,user:email,workflow...
2025-03-30 19:10:58.683 [info] Getting sessions for user:email...
2025-03-30 19:10:58.683 [info] Got 1 sessions for user:email...
2025-03-30 19:10:59.128 [info] Getting sessions for all scopes...
2025-03-30 19:10:59.128 [info] Got 1 sessions for ...
2025-03-30 19:10:59.129 [info] Getting sessions for read:user,repo,user:email,workflow...
2025-03-30 19:10:59.129 [info] Got 0 sessions for read:user,repo,user:email,workflow...
2025-03-30 19:10:59.134 [info] Getting sessions for user:email...
2025-03-30 19:10:59.134 [info] Got 1 sessions for user:email...
2025-03-30 19:10:59.778 [info] Getting sessions for all scopes...
2025-03-30 19:10:59.778 [info] Got 1 sessions for ...
2025-03-30 19:10:59.790 [info] Getting sessions for read:user,repo,user:email,workflow...
2025-03-30 19:10:59.790 [info] Got 0 sessions for read:user,repo,user:email,workflow...
2025-03-30 19:10:59.791 [info] Getting sessions for user:email...
2025-03-30 19:10:59.791 [info] Got 1 sessions for user:email...
2025-03-30 19:12:48.866 [info] Getting sessions for all scopes...
2025-03-30 19:12:48.867 [info] Got 1 sessions for ...
2025-03-30 19:12:48.868 [info] Getting sessions for read:user,repo,user:email,workflow...
2025-03-30 19:12:48.868 [info] Got 0 sessions for read:user,repo,user:email,workflow...
2025-03-30 19:12:48.869 [info] Getting sessions for user:email...
2025-03-30 19:12:48.869 [info] Got 1 sessions for user:email...
2025-03-30 19:12:49.409 [info] Getting sessions for all scopes...
2025-03-30 19:12:49.409 [info] Got 1 sessions for ...
2025-03-30 19:12:49.410 [info] Getting sessions for read:user,repo,user:email,workflow...
2025-03-30 19:12:49.410 [info] Got 0 sessions for read:user,repo,user:email,workflow...
2025-03-30 19:12:49.412 [info] Getting sessions for user:email...
2025-03-30 19:12:49.412 [info] Got 1 sessions for user:email...
2025-03-30 19:12:51.156 [info] Getting sessions for all scopes...
2025-03-30 19:12:51.156 [info] Got 1 sessions for ...
2025-03-30 19:12:51.168 [info] Getting sessions for read:user,repo,user:email,workflow...
2025-03-30 19:12:51.168 [info] Got 0 sessions for read:user,repo,user:email,workflow...
2025-03-30 19:12:51.169 [info] Getting sessions for user:email...
2025-03-30 19:12:51.169 [info] Got 1 sessions for user:email...
2025-03-30 19:25:24.971 [info] Getting sessions for all scopes...
2025-03-30 19:25:24.971 [info] Got 1 sessions for ...
2025-03-30 19:25:24.976 [info] Getting sessions for read:user,repo,user:email,workflow...
2025-03-30 19:25:24.976 [info] Got 0 sessions for read:user,repo,user:email,workflow...
2025-03-30 19:25:24.977 [info] Getting sessions for user:email...
2025-03-30 19:25:24.977 [info] Got 1 sessions for user:email...
2025-03-30 19:25:26.058 [info] Getting sessions for all scopes...
2025-03-30 19:25:26.058 [info] Got 1 sessions for ...
2025-03-30 19:25:26.059 [info] Getting sessions for read:user,repo,user:email,workflow...
2025-03-30 19:25:26.059 [info] Got 0 sessions for read:user,repo,user:email,workflow...
2025-03-30 19:25:26.059 [info] Getting sessions for user:email...
2025-03-30 19:25:26.059 [info] Got 1 sessions for user:email...
2025-03-30 19:25:29.662 [info] Getting sessions for all scopes...
2025-03-30 19:25:29.662 [info] Got 1 sessions for ...
2025-03-30 19:25:29.678 [info] Getting sessions for read:user,repo,user:email,workflow...
2025-03-30 19:25:29.678 [info] Got 0 sessions for read:user,repo,user:email,workflow...
2025-03-30 19:25:29.679 [info] Getting sessions for user:email...
2025-03-30 19:25:29.679 [info] Got 1 sessions for user:email...
2025-03-30 19:25:58.679 [info] Getting sessions for all scopes...
2025-03-30 19:25:58.679 [info] Got 1 sessions for ...
2025-03-30 19:25:58.681 [info] Getting sessions for read:user,repo,user:email,workflow...
2025-03-30 19:25:58.681 [info] Got 0 sessions for read:user,repo,user:email,workflow...
2025-03-30 19:25:58.684 [info] Getting sessions for user:email...
2025-03-30 19:25:58.684 [info] Got 1 sessions for user:email...
2025-03-30 19:26:11.964 [info] Getting sessions for all scopes...
2025-03-30 19:26:11.964 [info] Got 1 sessions for ...
2025-03-30 19:26:11.965 [info] Getting sessions for read:user,repo,user:email,workflow...
2025-03-30 19:26:11.966 [info] Got 0 sessions for read:user,repo,user:email,workflow...
2025-03-30 19:26:11.973 [info] Getting sessions for user:email...
2025-03-30 19:26:11.973 [info] Got 1 sessions for user:email...
2025-03-30 19:26:13.841 [info] Getting sessions for all scopes...
2025-03-30 19:26:13.841 [info] Got 1 sessions for ...
2025-03-30 19:26:13.848 [info] Getting sessions for read:user,repo,user:email,workflow...
2025-03-30 19:26:13.848 [info] Got 0 sessions for read:user,repo,user:email,workflow...
2025-03-30 19:26:13.849 [info] Getting sessions for user:email...
2025-03-30 19:26:13.849 [info] Got 1 sessions for user:email...
