2025-03-30 19:48:13.112 [info] Reading sessions from keychain...
2025-03-30 19:48:13.112 [info] Getting sessions for all scopes...
2025-03-30 19:48:13.112 [info] Getting sessions for all scopes...
2025-03-30 19:48:13.150 [info] Getting sessions for all scopes...
2025-03-30 19:48:13.150 [info] Getting sessions for all scopes...
2025-03-30 19:48:13.150 [info] Getting sessions for all scopes...
2025-03-30 19:48:13.150 [info] Getting sessions for all scopes...
2025-03-30 19:48:13.150 [info] Getting sessions for all scopes...
2025-03-30 19:48:13.211 [info] Got stored sessions!
2025-03-30 19:48:13.211 [info] Got 1 verified sessions.
2025-03-30 19:48:13.211 [info] Got 1 sessions for ...
2025-03-30 19:48:13.211 [info] Got 1 sessions for ...
2025-03-30 19:48:13.211 [info] Got 1 sessions for ...
2025-03-30 19:48:13.211 [info] Got 1 sessions for ...
2025-03-30 19:48:13.211 [info] Got 1 sessions for ...
2025-03-30 19:48:13.211 [info] Got 1 sessions for ...
2025-03-30 19:48:13.211 [info] Got 1 sessions for ...
2025-03-30 19:48:13.468 [info] Getting sessions for all scopes...
2025-03-30 19:48:13.468 [info] Got 1 sessions for ...
2025-03-30 19:48:13.495 [info] Getting sessions for user:email...
2025-03-30 19:48:13.495 [info] Got 1 sessions for user:email...
2025-03-30 19:48:15.727 [info] Getting sessions for all scopes...
2025-03-30 19:48:15.727 [info] Got 1 sessions for ...
2025-03-30 19:48:16.801 [info] Getting sessions for read:user,repo,user:email...
2025-03-30 19:48:16.801 [info] Got 0 sessions for read:user,repo,user:email...
2025-03-30 19:48:16.801 [info] Getting sessions for read:user,repo,user:email,workflow...
2025-03-30 19:48:16.801 [info] Got 0 sessions for read:user,repo,user:email,workflow...
2025-03-30 19:48:16.816 [info] Getting sessions for all scopes...
2025-03-30 19:48:16.816 [info] Got 1 sessions for ...
2025-03-30 19:48:16.816 [info] Getting sessions for all scopes...
2025-03-30 19:48:16.816 [info] Got 1 sessions for ...
2025-03-30 19:48:17.003 [info] Getting sessions for read:user...
2025-03-30 19:48:17.004 [info] Got 0 sessions for read:user...
2025-03-30 19:48:17.004 [info] Getting sessions for read:user,repo,user:email,workflow...
2025-03-30 19:48:17.004 [info] Got 0 sessions for read:user,repo,user:email,workflow...
2025-03-30 19:48:17.071 [info] Getting sessions for user:email...
2025-03-30 19:48:17.071 [info] Got 1 sessions for user:email...
2025-03-30 19:48:17.071 [info] Getting sessions for user:email...
2025-03-30 19:48:17.071 [info] Got 1 sessions for user:email...
2025-03-30 19:48:17.072 [info] Getting sessions for read:user,repo,user:email,workflow...
2025-03-30 19:48:17.072 [info] Got 0 sessions for read:user,repo,user:email,workflow...
2025-03-30 19:48:17.520 [info] Getting sessions for all scopes...
2025-03-30 19:48:17.520 [info] Got 1 sessions for ...
2025-03-30 19:48:17.564 [info] Getting sessions for read:user,repo,user:email,workflow...
2025-03-30 19:48:17.564 [info] Got 0 sessions for read:user,repo,user:email,workflow...
2025-03-30 19:48:18.799 [info] Getting sessions for user:email...
2025-03-30 19:48:18.799 [info] Got 1 sessions for user:email...
2025-03-30 19:48:18.875 [info] Getting sessions for read:user,repo,user:email,workflow...
2025-03-30 19:48:18.875 [info] Got 0 sessions for read:user,repo,user:email,workflow...
2025-03-30 19:48:18.899 [info] Getting sessions for all scopes...
2025-03-30 19:48:18.899 [info] Got 1 sessions for ...
2025-03-30 19:48:18.901 [info] Getting sessions for read:user,repo,user:email,workflow...
2025-03-30 19:48:18.901 [info] Got 0 sessions for read:user,repo,user:email,workflow...
2025-03-30 19:48:18.902 [info] Getting sessions for user:email...
2025-03-30 19:48:18.902 [info] Got 1 sessions for user:email...
2025-03-30 19:48:19.650 [info] Getting sessions for all scopes...
2025-03-30 19:48:19.650 [info] Got 1 sessions for ...
2025-03-30 19:48:19.650 [info] Getting sessions for all scopes...
2025-03-30 19:48:19.650 [info] Got 1 sessions for ...
2025-03-30 19:48:19.666 [info] Getting sessions for read:user,repo,user:email,workflow...
2025-03-30 19:48:19.666 [info] Got 0 sessions for read:user,repo,user:email,workflow...
2025-03-30 19:48:19.667 [info] Getting sessions for user:email...
2025-03-30 19:48:19.667 [info] Got 1 sessions for user:email...
2025-03-30 19:48:19.667 [info] Getting sessions for read:user,repo,user:email,workflow...
2025-03-30 19:48:19.667 [info] Got 0 sessions for read:user,repo,user:email,workflow...
2025-03-30 19:48:19.670 [info] Getting sessions for all scopes...
2025-03-30 19:48:19.670 [info] Got 1 sessions for ...
2025-03-30 19:48:19.671 [info] Getting sessions for read:user,repo,user:email,workflow...
2025-03-30 19:48:19.671 [info] Got 0 sessions for read:user,repo,user:email,workflow...
2025-03-30 19:48:19.680 [info] Getting sessions for user:email...
2025-03-30 19:48:19.680 [info] Got 1 sessions for user:email...
2025-03-30 19:48:19.750 [info] Getting sessions for all scopes...
2025-03-30 19:48:19.750 [info] Got 1 sessions for ...
2025-03-30 19:48:19.751 [info] Getting sessions for all scopes...
2025-03-30 19:48:19.751 [info] Got 1 sessions for ...
2025-03-30 19:48:19.769 [info] Getting sessions for read:user,repo,user:email,workflow...
2025-03-30 19:48:19.769 [info] Got 0 sessions for read:user,repo,user:email,workflow...
2025-03-30 19:48:19.771 [info] Getting sessions for user:email...
2025-03-30 19:48:19.771 [info] Got 1 sessions for user:email...
2025-03-30 19:48:19.771 [info] Getting sessions for read:user,repo,user:email,workflow...
2025-03-30 19:48:19.771 [info] Got 0 sessions for read:user,repo,user:email,workflow...
2025-03-30 19:48:19.776 [info] Getting sessions for all scopes...
2025-03-30 19:48:19.776 [info] Got 1 sessions for ...
2025-03-30 19:48:19.777 [info] Getting sessions for read:user,repo,user:email,workflow...
2025-03-30 19:48:19.777 [info] Got 0 sessions for read:user,repo,user:email,workflow...
2025-03-30 19:48:19.778 [info] Getting sessions for user:email...
2025-03-30 19:48:19.778 [info] Got 1 sessions for user:email...
2025-03-30 19:48:20.993 [info] Getting sessions for all scopes...
2025-03-30 19:48:20.993 [info] Got 1 sessions for ...
2025-03-30 19:48:20.994 [info] Getting sessions for read:user,repo,user:email,workflow...
2025-03-30 19:48:20.994 [info] Got 0 sessions for read:user,repo,user:email,workflow...
2025-03-30 19:48:20.995 [info] Getting sessions for user:email...
2025-03-30 19:48:20.995 [info] Got 1 sessions for user:email...
